This file contains any messages produced by compilers while
running configure, to aid debugging if configure makes a mistake.

It was created by tmux configure 2.2, which was
generated by GNU Autoconf 2.69.  Invocation command line was

  $ ./configure CFLAGS=-I/opt/c9/.c9/local/include -I/opt/c9/.c9/local/include/ncurses LDFLAGS=-static-libgcc -L/opt/c9/.c9/local/lib --prefix=/opt/c9/.c9/local

## --------- ##
## Platform. ##
## --------- ##

hostname = buildkitsandbox
uname -m = x86_64
uname -r = 5.8.0-1039-azure
uname -s = Linux
uname -v = #42~20.04.1-Ubuntu SMP Thu Jul 15 14:11:07 UTC 2021

/usr/bin/uname -p = x86_64
/bin/uname -X     = unknown

/bin/arch              = x86_64
/usr/bin/arch -k       = unknown
/usr/convex/getsysinfo = unknown
/usr/bin/hostinfo      = unknown
/bin/machine           = unknown
/usr/bin/oslevel       = unknown
/bin/universe          = unknown

PATH: /opt/c9/.c9/node/bin/
PATH: /opt/c9/.c9/node_modules/.bin
PATH: /opt/cs50/bin
PATH: /opt/bin
PATH: /usr/local/sbin
PATH: /usr/local/bin
PATH: /usr/sbin
PATH: /usr/bin
PATH: /sbin
PATH: /bin


## ----------- ##
## Core tests. ##
## ----------- ##

configure:2341: checking for a BSD-compatible install
configure:2409: result: /usr/bin/install -c
configure:2420: checking whether build environment is sane
configure:2475: result: yes
configure:2624: checking for a thread-safe mkdir -p
configure:2663: result: /usr/bin/mkdir -p
configure:2670: checking for gawk
configure:2700: result: no
configure:2670: checking for mawk
configure:2686: found /usr/bin/mawk
configure:2697: result: mawk
configure:2708: checking whether make sets $(MAKE)
configure:2730: result: yes
configure:2759: checking whether make supports nested variables
configure:2776: result: yes
configure:2907: checking build system type
configure:2921: result: x86_64-unknown-linux-gnu
configure:2941: checking host system type
configure:2954: result: x86_64-unknown-linux-gnu
configure:3029: checking for gcc
configure:3045: found /usr/bin/gcc
configure:3056: result: gcc
configure:3285: checking for C compiler version
configure:3294: gcc --version >&5
gcc (Ubuntu 9.3.0-17ubuntu1~20.04) 9.3.0
Copyright (C) 2019 Free Software Foundation, Inc.
This is free software; see the source for copying conditions.  There is NO
warranty; not even for MERCHANTABILITY or FITNESS FOR A PARTICULAR PURPOSE.

configure:3305: $? = 0
configure:3294: gcc -v >&5
Using built-in specs.
COLLECT_GCC=gcc
COLLECT_LTO_WRAPPER=/usr/lib/gcc/x86_64-linux-gnu/9/lto-wrapper
OFFLOAD_TARGET_NAMES=nvptx-none:hsa
OFFLOAD_TARGET_DEFAULT=1
Target: x86_64-linux-gnu
Configured with: ../src/configure -v --with-pkgversion='Ubuntu 9.3.0-17ubuntu1~20.04' --with-bugurl=file:///usr/share/doc/gcc-9/README.Bugs --enable-languages=c,ada,c++,go,brig,d,fortran,objc,obj-c++,gm2 --prefix=/usr --with-gcc-major-version-only --program-suffix=-9 --program-prefix=x86_64-linux-gnu- --enable-shared --enable-linker-build-id --libexecdir=/usr/lib --without-included-gettext --enable-threads=posix --libdir=/usr/lib --enable-nls --enable-clocale=gnu --enable-libstdcxx-debug --enable-libstdcxx-time=yes --with-default-libstdcxx-abi=new --enable-gnu-unique-object --disable-vtable-verify --enable-plugin --enable-default-pie --with-system-zlib --with-target-system-zlib=auto --enable-objc-gc=auto --enable-multiarch --disable-werror --with-arch-32=i686 --with-abi=m64 --with-multilib-list=m32,m64,mx32 --enable-multilib --with-tune=generic --enable-offload-targets=nvptx-none=/build/gcc-9-HskZEa/gcc-9-9.3.0/debian/tmp-nvptx/usr,hsa --without-cuda-driver --enable-checking=release --build=x86_64-linux-gnu --host=x86_64-linux-gnu --target=x86_64-linux-gnu
Thread model: posix
gcc version 9.3.0 (Ubuntu 9.3.0-17ubuntu1~20.04) 
configure:3305: $? = 0
configure:3294: gcc -V >&5
gcc: error: unrecognized command line option '-V'
gcc: fatal error: no input files
compilation terminated.
configure:3305: $? = 1
configure:3294: gcc -qversion >&5
gcc: error: unrecognized command line option '-qversion'; did you mean '--version'?
gcc: fatal error: no input files
compilation terminated.
configure:3305: $? = 1
configure:3325: checking whether the C compiler works
configure:3347: gcc -I/opt/c9/.c9/local/include -I/opt/c9/.c9/local/include/ncurses  -static-libgcc -L/opt/c9/.c9/local/lib conftest.c  >&5
configure:3351: $? = 0
configure:3399: result: yes
configure:3402: checking for C compiler default output file name
configure:3404: result: a.out
configure:3410: checking for suffix of executables
configure:3417: gcc -o conftest -I/opt/c9/.c9/local/include -I/opt/c9/.c9/local/include/ncurses  -static-libgcc -L/opt/c9/.c9/local/lib conftest.c  >&5
configure:3421: $? = 0
configure:3443: result: 
configure:3465: checking whether we are cross compiling
configure:3473: gcc -o conftest -I/opt/c9/.c9/local/include -I/opt/c9/.c9/local/include/ncurses  -static-libgcc -L/opt/c9/.c9/local/lib conftest.c  >&5
configure:3477: $? = 0
configure:3484: ./conftest
configure:3488: $? = 0
configure:3476: result: no
configure:3481: checking for suffix of object files
configure:3503: gcc -c -I/opt/c9/.c9/local/include -I/opt/c9/.c9/local/include/ncurses  conftest.c >&5
configure:3507: $? = 0
configure:3528: result: o
configure:3532: checking whether we are using the GNU C compiler
configure:3551: gcc -c -I/opt/c9/.c9/local/include -I/opt/c9/.c9/local/include/ncurses  conftest.c >&5
configure:3551: $? = 0
configure:3560: result: yes
configure:3569: checking whether gcc accepts -g
configure:3589: gcc -c -g  conftest.c >&5
configure:3589: $? = 0
configure:3630: result: yes
configure:3647: checking for gcc option to accept ISO C89
configure:3710: gcc  -c -I/opt/c9/.c9/local/include -I/opt/c9/.c9/local/include/ncurses  conftest.c >&5
configure:3710: $? = 0
configure:3723: result: none needed
configure:3748: checking whether gcc understands -c and -o together
configure:3770: gcc -c conftest.c -o conftest2.o
configure:3773: $? = 0
configure:3770: gcc -c conftest.c -o conftest2.o
configure:3773: $? = 0
configure:3785: result: yes
configure:3813: checking for style of include used by make
configure:3841: result: GNU
configure:3867: checking dependency style of gcc
configure:3978: result: gcc3
configure:3999: checking how to run the C preprocessor
configure:4030: gcc -E  conftest.c
configure:4030: $? = 0
configure:4044: gcc -E  conftest.c
conftest.c:11:10: fatal error: ac_nonexistent.h: No such file or directory
   11 | #include <ac_nonexistent.h>
      |          ^~~~~~~~~~~~~~~~~~
compilation terminated.
configure:4044: $? = 1
configure: failed program was:
| /* confdefs.h */
| #define PACKAGE_NAME "tmux"
| #define PACKAGE_TARNAME "tmux"
| #define PACKAGE_VERSION "2.2"
| #define PACKAGE_STRING "tmux 2.2"
| #define PACKAGE_BUGREPORT ""
| #define PACKAGE_URL ""
| #define PACKAGE "tmux"
| #define VERSION "2.2"
| /* end confdefs.h.  */
| #include <ac_nonexistent.h>
configure:4069: result: gcc -E
configure:4089: gcc -E  conftest.c
configure:4089: $? = 0
configure:4103: gcc -E  conftest.c
conftest.c:11:10: fatal error: ac_nonexistent.h: No such file or directory
   11 | #include <ac_nonexistent.h>
      |          ^~~~~~~~~~~~~~~~~~
compilation terminated.
configure:4103: $? = 1
configure: failed program was:
| /* confdefs.h */
| #define PACKAGE_NAME "tmux"
| #define PACKAGE_TARNAME "tmux"
| #define PACKAGE_VERSION "2.2"
| #define PACKAGE_STRING "tmux 2.2"
| #define PACKAGE_BUGREPORT ""
| #define PACKAGE_URL ""
| #define PACKAGE "tmux"
| #define VERSION "2.2"
| /* end confdefs.h.  */
| #include <ac_nonexistent.h>
configure:4131: checking for grep that handles long lines and -e
configure:4189: result: /usr/bin/grep
configure:4194: checking for egrep
configure:4256: result: /usr/bin/grep -E
configure:4316: checking for pkg-config
configure:4334: found /usr/bin/pkg-config
configure:4346: result: /usr/bin/pkg-config
configure:4371: checking pkg-config is at least version 0.9.0
configure:4374: result: yes
configure:4471: checking for glibc
configure:4499: result: yes
configure:4503: checking for ANSI C header files
configure:4523: gcc -c -I/opt/c9/.c9/local/include -I/opt/c9/.c9/local/include/ncurses  conftest.c >&5
configure:4523: $? = 0
configure:4596: gcc -o conftest -I/opt/c9/.c9/local/include -I/opt/c9/.c9/local/include/ncurses  -static-libgcc -L/opt/c9/.c9/local/lib conftest.c  >&5
configure:4596: $? = 0
configure:4596: ./conftest
configure:4596: $? = 0
configure:4607: result: yes
configure:4620: checking for sys/types.h
configure:4620: gcc -c -I/opt/c9/.c9/local/include -I/opt/c9/.c9/local/include/ncurses  conftest.c >&5
configure:4620: $? = 0
configure:4620: result: yes
configure:4620: checking for sys/stat.h
configure:4620: gcc -c -I/opt/c9/.c9/local/include -I/opt/c9/.c9/local/include/ncurses  conftest.c >&5
configure:4620: $? = 0
configure:4620: result: yes
configure:4620: checking for stdlib.h
configure:4620: gcc -c -I/opt/c9/.c9/local/include -I/opt/c9/.c9/local/include/ncurses  conftest.c >&5
configure:4620: $? = 0
configure:4620: result: yes
configure:4620: checking for string.h
configure:4620: gcc -c -I/opt/c9/.c9/local/include -I/opt/c9/.c9/local/include/ncurses  conftest.c >&5
configure:4620: $? = 0
configure:4620: result: yes
configure:4620: checking for memory.h
configure:4620: gcc -c -I/opt/c9/.c9/local/include -I/opt/c9/.c9/local/include/ncurses  conftest.c >&5
configure:4620: $? = 0
configure:4620: result: yes
configure:4620: checking for strings.h
configure:4620: gcc -c -I/opt/c9/.c9/local/include -I/opt/c9/.c9/local/include/ncurses  conftest.c >&5
configure:4620: $? = 0
configure:4620: result: yes
configure:4620: checking for inttypes.h
configure:4620: gcc -c -I/opt/c9/.c9/local/include -I/opt/c9/.c9/local/include/ncurses  conftest.c >&5
configure:4620: $? = 0
configure:4620: result: yes
configure:4620: checking for stdint.h
configure:4620: gcc -c -I/opt/c9/.c9/local/include -I/opt/c9/.c9/local/include/ncurses  conftest.c >&5
configure:4620: $? = 0
configure:4620: result: yes
configure:4620: checking for unistd.h
configure:4620: gcc -c -I/opt/c9/.c9/local/include -I/opt/c9/.c9/local/include/ncurses  conftest.c >&5
configure:4620: $? = 0
configure:4620: result: yes
configure:4653: checking bitstring.h usability
configure:4653: gcc -c -I/opt/c9/.c9/local/include -I/opt/c9/.c9/local/include/ncurses  conftest.c >&5
conftest.c:54:10: fatal error: bitstring.h: No such file or directory
   54 | #include <bitstring.h>
      |          ^~~~~~~~~~~~~
compilation terminated.
configure:4653: $? = 1
configure: failed program was:
| /* confdefs.h */
| #define PACKAGE_NAME "tmux"
| #define PACKAGE_TARNAME "tmux"
| #define PACKAGE_VERSION "2.2"
| #define PACKAGE_STRING "tmux 2.2"
| #define PACKAGE_BUGREPORT ""
| #define PACKAGE_URL ""
| #define PACKAGE "tmux"
| #define VERSION "2.2"
| #define STDC_HEADERS 1
| #define HAVE_SYS_TYPES_H 1
| #define HAVE_SYS_STAT_H 1
| #define HAVE_STDLIB_H 1
| #define HAVE_STRING_H 1
| #define HAVE_MEMORY_H 1
| #define HAVE_STRINGS_H 1
| #define HAVE_INTTYPES_H 1
| #define HAVE_STDINT_H 1
| #define HAVE_UNISTD_H 1
| /* end confdefs.h.  */
| #include <stdio.h>
| #ifdef HAVE_SYS_TYPES_H
| # include <sys/types.h>
| #endif
| #ifdef HAVE_SYS_STAT_H
| # include <sys/stat.h>
| #endif
| #ifdef STDC_HEADERS
| # include <stdlib.h>
| # include <stddef.h>
| #else
| # ifdef HAVE_STDLIB_H
| #  include <stdlib.h>
| # endif
| #endif
| #ifdef HAVE_STRING_H
| # if !defined STDC_HEADERS && defined HAVE_MEMORY_H
| #  include <memory.h>
| # endif
| # include <string.h>
| #endif
| #ifdef HAVE_STRINGS_H
| # include <strings.h>
| #endif
| #ifdef HAVE_INTTYPES_H
| # include <inttypes.h>
| #endif
| #ifdef HAVE_STDINT_H
| # include <stdint.h>
| #endif
| #ifdef HAVE_UNISTD_H
| # include <unistd.h>
| #endif
| #include <bitstring.h>
configure:4653: result: no
configure:4653: checking bitstring.h presence
configure:4653: gcc -E  conftest.c
conftest.c:21:10: fatal error: bitstring.h: No such file or directory
   21 | #include <bitstring.h>
      |          ^~~~~~~~~~~~~
compilation terminated.
configure:4653: $? = 1
configure: failed program was:
| /* confdefs.h */
| #define PACKAGE_NAME "tmux"
| #define PACKAGE_TARNAME "tmux"
| #define PACKAGE_VERSION "2.2"
| #define PACKAGE_STRING "tmux 2.2"
| #define PACKAGE_BUGREPORT ""
| #define PACKAGE_URL ""
| #define PACKAGE "tmux"
| #define VERSION "2.2"
| #define STDC_HEADERS 1
| #define HAVE_SYS_TYPES_H 1
| #define HAVE_SYS_STAT_H 1
| #define HAVE_STDLIB_H 1
| #define HAVE_STRING_H 1
| #define HAVE_MEMORY_H 1
| #define HAVE_STRINGS_H 1
| #define HAVE_INTTYPES_H 1
| #define HAVE_STDINT_H 1
| #define HAVE_UNISTD_H 1
| /* end confdefs.h.  */
| #include <bitstring.h>
configure:4653: result: no
configure:4653: checking for bitstring.h
configure:4653: result: no
configure:4653: checking curses.h usability
configure:4653: gcc -c -I/opt/c9/.c9/local/include -I/opt/c9/.c9/local/include/ncurses  conftest.c >&5
configure:4653: $? = 0
configure:4653: result: yes
configure:4653: checking curses.h presence
configure:4653: gcc -E  conftest.c
configure:4653: $? = 0
configure:4653: result: yes
configure:4653: checking for curses.h
configure:4653: result: yes
configure:4653: checking dirent.h usability
configure:4653: gcc -c -I/opt/c9/.c9/local/include -I/opt/c9/.c9/local/include/ncurses  conftest.c >&5
configure:4653: $? = 0
configure:4653: result: yes
configure:4653: checking dirent.h presence
configure:4653: gcc -E  conftest.c
configure:4653: $? = 0
configure:4653: result: yes
configure:4653: checking for dirent.h
configure:4653: result: yes
configure:4653: checking fcntl.h usability
configure:4653: gcc -c -I/opt/c9/.c9/local/include -I/opt/c9/.c9/local/include/ncurses  conftest.c >&5
configure:4653: $? = 0
configure:4653: result: yes
configure:4653: checking fcntl.h presence
configure:4653: gcc -E  conftest.c
configure:4653: $? = 0
configure:4653: result: yes
configure:4653: checking for fcntl.h
configure:4653: result: yes
configure:4653: checking for inttypes.h
configure:4653: result: yes
configure:4653: checking libutil.h usability
configure:4653: gcc -c -I/opt/c9/.c9/local/include -I/opt/c9/.c9/local/include/ncurses  conftest.c >&5
conftest.c:58:10: fatal error: libutil.h: No such file or directory
   58 | #include <libutil.h>
      |          ^~~~~~~~~~~
compilation terminated.
configure:4653: $? = 1
configure: failed program was:
| /* confdefs.h */
| #define PACKAGE_NAME "tmux"
| #define PACKAGE_TARNAME "tmux"
| #define PACKAGE_VERSION "2.2"
| #define PACKAGE_STRING "tmux 2.2"
| #define PACKAGE_BUGREPORT ""
| #define PACKAGE_URL ""
| #define PACKAGE "tmux"
| #define VERSION "2.2"
| #define STDC_HEADERS 1
| #define HAVE_SYS_TYPES_H 1
| #define HAVE_SYS_STAT_H 1
| #define HAVE_STDLIB_H 1
| #define HAVE_STRING_H 1
| #define HAVE_MEMORY_H 1
| #define HAVE_STRINGS_H 1
| #define HAVE_INTTYPES_H 1
| #define HAVE_STDINT_H 1
| #define HAVE_UNISTD_H 1
| #define HAVE_CURSES_H 1
| #define HAVE_DIRENT_H 1
| #define HAVE_FCNTL_H 1
| #define HAVE_INTTYPES_H 1
| /* end confdefs.h.  */
| #include <stdio.h>
| #ifdef HAVE_SYS_TYPES_H
| # include <sys/types.h>
| #endif
| #ifdef HAVE_SYS_STAT_H
| # include <sys/stat.h>
| #endif
| #ifdef STDC_HEADERS
| # include <stdlib.h>
| # include <stddef.h>
| #else
| # ifdef HAVE_STDLIB_H
| #  include <stdlib.h>
| # endif
| #endif
| #ifdef HAVE_STRING_H
| # if !defined STDC_HEADERS && defined HAVE_MEMORY_H
| #  include <memory.h>
| # endif
| # include <string.h>
| #endif
| #ifdef HAVE_STRINGS_H
| # include <strings.h>
| #endif
| #ifdef HAVE_INTTYPES_H
| # include <inttypes.h>
| #endif
| #ifdef HAVE_STDINT_H
| # include <stdint.h>
| #endif
| #ifdef HAVE_UNISTD_H
| # include <unistd.h>
| #endif
| #include <libutil.h>
configure:4653: result: no
configure:4653: checking libutil.h presence
configure:4653: gcc -E  conftest.c
conftest.c:25:10: fatal error: libutil.h: No such file or directory
   25 | #include <libutil.h>
      |          ^~~~~~~~~~~
compilation terminated.
configure:4653: $? = 1
configure: failed program was:
| /* confdefs.h */
| #define PACKAGE_NAME "tmux"
| #define PACKAGE_TARNAME "tmux"
| #define PACKAGE_VERSION "2.2"
| #define PACKAGE_STRING "tmux 2.2"
| #define PACKAGE_BUGREPORT ""
| #define PACKAGE_URL ""
| #define PACKAGE "tmux"
| #define VERSION "2.2"
| #define STDC_HEADERS 1
| #define HAVE_SYS_TYPES_H 1
| #define HAVE_SYS_STAT_H 1
| #define HAVE_STDLIB_H 1
| #define HAVE_STRING_H 1
| #define HAVE_MEMORY_H 1
| #define HAVE_STRINGS_H 1
| #define HAVE_INTTYPES_H 1
| #define HAVE_STDINT_H 1
| #define HAVE_UNISTD_H 1
| #define HAVE_CURSES_H 1
| #define HAVE_DIRENT_H 1
| #define HAVE_FCNTL_H 1
| #define HAVE_INTTYPES_H 1
| /* end confdefs.h.  */
| #include <libutil.h>
configure:4653: result: no
configure:4653: checking for libutil.h
configure:4653: result: no
configure:4653: checking ncurses.h usability
configure:4653: gcc -c -I/opt/c9/.c9/local/include -I/opt/c9/.c9/local/include/ncurses  conftest.c >&5
configure:4653: $? = 0
configure:4653: result: yes
configure:4653: checking ncurses.h presence
configure:4653: gcc -E  conftest.c
configure:4653: $? = 0
configure:4653: result: yes
configure:4653: checking for ncurses.h
configure:4653: result: yes
configure:4653: checking ndir.h usability
configure:4653: gcc -c -I/opt/c9/.c9/local/include -I/opt/c9/.c9/local/include/ncurses  conftest.c >&5
conftest.c:59:10: fatal error: ndir.h: No such file or directory
   59 | #include <ndir.h>
      |          ^~~~~~~~
compilation terminated.
configure:4653: $? = 1
configure: failed program was:
| /* confdefs.h */
| #define PACKAGE_NAME "tmux"
| #define PACKAGE_TARNAME "tmux"
| #define PACKAGE_VERSION "2.2"
| #define PACKAGE_STRING "tmux 2.2"
| #define PACKAGE_BUGREPORT ""
| #define PACKAGE_URL ""
| #define PACKAGE "tmux"
| #define VERSION "2.2"
| #define STDC_HEADERS 1
| #define HAVE_SYS_TYPES_H 1
| #define HAVE_SYS_STAT_H 1
| #define HAVE_STDLIB_H 1
| #define HAVE_STRING_H 1
| #define HAVE_MEMORY_H 1
| #define HAVE_STRINGS_H 1
| #define HAVE_INTTYPES_H 1
| #define HAVE_STDINT_H 1
| #define HAVE_UNISTD_H 1
| #define HAVE_CURSES_H 1
| #define HAVE_DIRENT_H 1
| #define HAVE_FCNTL_H 1
| #define HAVE_INTTYPES_H 1
| #define HAVE_NCURSES_H 1
| /* end confdefs.h.  */
| #include <stdio.h>
| #ifdef HAVE_SYS_TYPES_H
| # include <sys/types.h>
| #endif
| #ifdef HAVE_SYS_STAT_H
| # include <sys/stat.h>
| #endif
| #ifdef STDC_HEADERS
| # include <stdlib.h>
| # include <stddef.h>
| #else
| # ifdef HAVE_STDLIB_H
| #  include <stdlib.h>
| # endif
| #endif
| #ifdef HAVE_STRING_H
| # if !defined STDC_HEADERS && defined HAVE_MEMORY_H
| #  include <memory.h>
| # endif
| # include <string.h>
| #endif
| #ifdef HAVE_STRINGS_H
| # include <strings.h>
| #endif
| #ifdef HAVE_INTTYPES_H
| # include <inttypes.h>
| #endif
| #ifdef HAVE_STDINT_H
| # include <stdint.h>
| #endif
| #ifdef HAVE_UNISTD_H
| # include <unistd.h>
| #endif
| #include <ndir.h>
configure:4653: result: no
configure:4653: checking ndir.h presence
configure:4653: gcc -E  conftest.c
conftest.c:26:10: fatal error: ndir.h: No such file or directory
   26 | #include <ndir.h>
      |          ^~~~~~~~
compilation terminated.
configure:4653: $? = 1
configure: failed program was:
| /* confdefs.h */
| #define PACKAGE_NAME "tmux"
| #define PACKAGE_TARNAME "tmux"
| #define PACKAGE_VERSION "2.2"
| #define PACKAGE_STRING "tmux 2.2"
| #define PACKAGE_BUGREPORT ""
| #define PACKAGE_URL ""
| #define PACKAGE "tmux"
| #define VERSION "2.2"
| #define STDC_HEADERS 1
| #define HAVE_SYS_TYPES_H 1
| #define HAVE_SYS_STAT_H 1
| #define HAVE_STDLIB_H 1
| #define HAVE_STRING_H 1
| #define HAVE_MEMORY_H 1
| #define HAVE_STRINGS_H 1
| #define HAVE_INTTYPES_H 1
| #define HAVE_STDINT_H 1
| #define HAVE_UNISTD_H 1
| #define HAVE_CURSES_H 1
| #define HAVE_DIRENT_H 1
| #define HAVE_FCNTL_H 1
| #define HAVE_INTTYPES_H 1
| #define HAVE_NCURSES_H 1
| /* end confdefs.h.  */
| #include <ndir.h>
configure:4653: result: no
configure:4653: checking for ndir.h
configure:4653: result: no
configure:4653: checking paths.h usability
configure:4653: gcc -c -I/opt/c9/.c9/local/include -I/opt/c9/.c9/local/include/ncurses  conftest.c >&5
configure:4653: $? = 0
configure:4653: result: yes
configure:4653: checking paths.h presence
configure:4653: gcc -E  conftest.c
configure:4653: $? = 0
configure:4653: result: yes
configure:4653: checking for paths.h
configure:4653: result: yes
configure:4653: checking pty.h usability
configure:4653: gcc -c -I/opt/c9/.c9/local/include -I/opt/c9/.c9/local/include/ncurses  conftest.c >&5
configure:4653: $? = 0
configure:4653: result: yes
configure:4653: checking pty.h presence
configure:4653: gcc -E  conftest.c
configure:4653: $? = 0
configure:4653: result: yes
configure:4653: checking for pty.h
configure:4653: result: yes
configure:4653: checking for stdint.h
configure:4653: result: yes
configure:4653: checking sys/dir.h usability
configure:4653: gcc -c -I/opt/c9/.c9/local/include -I/opt/c9/.c9/local/include/ncurses  conftest.c >&5
configure:4653: $? = 0
configure:4653: result: yes
configure:4653: checking sys/dir.h presence
configure:4653: gcc -E  conftest.c
configure:4653: $? = 0
configure:4653: result: yes
configure:4653: checking for sys/dir.h
configure:4653: result: yes
configure:4653: checking sys/ndir.h usability
configure:4653: gcc -c -I/opt/c9/.c9/local/include -I/opt/c9/.c9/local/include/ncurses  conftest.c >&5
conftest.c:63:10: fatal error: sys/ndir.h: No such file or directory
   63 | #include <sys/ndir.h>
      |          ^~~~~~~~~~~~
compilation terminated.
configure:4653: $? = 1
configure: failed program was:
| /* confdefs.h */
| #define PACKAGE_NAME "tmux"
| #define PACKAGE_TARNAME "tmux"
| #define PACKAGE_VERSION "2.2"
| #define PACKAGE_STRING "tmux 2.2"
| #define PACKAGE_BUGREPORT ""
| #define PACKAGE_URL ""
| #define PACKAGE "tmux"
| #define VERSION "2.2"
| #define STDC_HEADERS 1
| #define HAVE_SYS_TYPES_H 1
| #define HAVE_SYS_STAT_H 1
| #define HAVE_STDLIB_H 1
| #define HAVE_STRING_H 1
| #define HAVE_MEMORY_H 1
| #define HAVE_STRINGS_H 1
| #define HAVE_INTTYPES_H 1
| #define HAVE_STDINT_H 1
| #define HAVE_UNISTD_H 1
| #define HAVE_CURSES_H 1
| #define HAVE_DIRENT_H 1
| #define HAVE_FCNTL_H 1
| #define HAVE_INTTYPES_H 1
| #define HAVE_NCURSES_H 1
| #define HAVE_PATHS_H 1
| #define HAVE_PTY_H 1
| #define HAVE_STDINT_H 1
| #define HAVE_SYS_DIR_H 1
| /* end confdefs.h.  */
| #include <stdio.h>
| #ifdef HAVE_SYS_TYPES_H
| # include <sys/types.h>
| #endif
| #ifdef HAVE_SYS_STAT_H
| # include <sys/stat.h>
| #endif
| #ifdef STDC_HEADERS
| # include <stdlib.h>
| # include <stddef.h>
| #else
| # ifdef HAVE_STDLIB_H
| #  include <stdlib.h>
| # endif
| #endif
| #ifdef HAVE_STRING_H
| # if !defined STDC_HEADERS && defined HAVE_MEMORY_H
| #  include <memory.h>
| # endif
| # include <string.h>
| #endif
| #ifdef HAVE_STRINGS_H
| # include <strings.h>
| #endif
| #ifdef HAVE_INTTYPES_H
| # include <inttypes.h>
| #endif
| #ifdef HAVE_STDINT_H
| # include <stdint.h>
| #endif
| #ifdef HAVE_UNISTD_H
| # include <unistd.h>
| #endif
| #include <sys/ndir.h>
configure:4653: result: no
configure:4653: checking sys/ndir.h presence
configure:4653: gcc -E  conftest.c
conftest.c:30:10: fatal error: sys/ndir.h: No such file or directory
   30 | #include <sys/ndir.h>
      |          ^~~~~~~~~~~~
compilation terminated.
configure:4653: $? = 1
configure: failed program was:
| /* confdefs.h */
| #define PACKAGE_NAME "tmux"
| #define PACKAGE_TARNAME "tmux"
| #define PACKAGE_VERSION "2.2"
| #define PACKAGE_STRING "tmux 2.2"
| #define PACKAGE_BUGREPORT ""
| #define PACKAGE_URL ""
| #define PACKAGE "tmux"
| #define VERSION "2.2"
| #define STDC_HEADERS 1
| #define HAVE_SYS_TYPES_H 1
| #define HAVE_SYS_STAT_H 1
| #define HAVE_STDLIB_H 1
| #define HAVE_STRING_H 1
| #define HAVE_MEMORY_H 1
| #define HAVE_STRINGS_H 1
| #define HAVE_INTTYPES_H 1
| #define HAVE_STDINT_H 1
| #define HAVE_UNISTD_H 1
| #define HAVE_CURSES_H 1
| #define HAVE_DIRENT_H 1
| #define HAVE_FCNTL_H 1
| #define HAVE_INTTYPES_H 1
| #define HAVE_NCURSES_H 1
| #define HAVE_PATHS_H 1
| #define HAVE_PTY_H 1
| #define HAVE_STDINT_H 1
| #define HAVE_SYS_DIR_H 1
| /* end confdefs.h.  */
| #include <sys/ndir.h>
configure:4653: result: no
configure:4653: checking for sys/ndir.h
configure:4653: result: no
configure:4653: checking sys/tree.h usability
configure:4653: gcc -c -I/opt/c9/.c9/local/include -I/opt/c9/.c9/local/include/ncurses  conftest.c >&5
conftest.c:63:10: fatal error: sys/tree.h: No such file or directory
   63 | #include <sys/tree.h>
      |          ^~~~~~~~~~~~
compilation terminated.
configure:4653: $? = 1
configure: failed program was:
| /* confdefs.h */
| #define PACKAGE_NAME "tmux"
| #define PACKAGE_TARNAME "tmux"
| #define PACKAGE_VERSION "2.2"
| #define PACKAGE_STRING "tmux 2.2"
| #define PACKAGE_BUGREPORT ""
| #define PACKAGE_URL ""
| #define PACKAGE "tmux"
| #define VERSION "2.2"
| #define STDC_HEADERS 1
| #define HAVE_SYS_TYPES_H 1
| #define HAVE_SYS_STAT_H 1
| #define HAVE_STDLIB_H 1
| #define HAVE_STRING_H 1
| #define HAVE_MEMORY_H 1
| #define HAVE_STRINGS_H 1
| #define HAVE_INTTYPES_H 1
| #define HAVE_STDINT_H 1
| #define HAVE_UNISTD_H 1
| #define HAVE_CURSES_H 1
| #define HAVE_DIRENT_H 1
| #define HAVE_FCNTL_H 1
| #define HAVE_INTTYPES_H 1
| #define HAVE_NCURSES_H 1
| #define HAVE_PATHS_H 1
| #define HAVE_PTY_H 1
| #define HAVE_STDINT_H 1
| #define HAVE_SYS_DIR_H 1
| /* end confdefs.h.  */
| #include <stdio.h>
| #ifdef HAVE_SYS_TYPES_H
| # include <sys/types.h>
| #endif
| #ifdef HAVE_SYS_STAT_H
| # include <sys/stat.h>
| #endif
| #ifdef STDC_HEADERS
| # include <stdlib.h>
| # include <stddef.h>
| #else
| # ifdef HAVE_STDLIB_H
| #  include <stdlib.h>
| # endif
| #endif
| #ifdef HAVE_STRING_H
| # if !defined STDC_HEADERS && defined HAVE_MEMORY_H
| #  include <memory.h>
| # endif
| # include <string.h>
| #endif
| #ifdef HAVE_STRINGS_H
| # include <strings.h>
| #endif
| #ifdef HAVE_INTTYPES_H
| # include <inttypes.h>
| #endif
| #ifdef HAVE_STDINT_H
| # include <stdint.h>
| #endif
| #ifdef HAVE_UNISTD_H
| # include <unistd.h>
| #endif
| #include <sys/tree.h>
configure:4653: result: no
configure:4653: checking sys/tree.h presence
configure:4653: gcc -E  conftest.c
conftest.c:30:10: fatal error: sys/tree.h: No such file or directory
   30 | #include <sys/tree.h>
      |          ^~~~~~~~~~~~
compilation terminated.
configure:4653: $? = 1
configure: failed program was:
| /* confdefs.h */
| #define PACKAGE_NAME "tmux"
| #define PACKAGE_TARNAME "tmux"
| #define PACKAGE_VERSION "2.2"
| #define PACKAGE_STRING "tmux 2.2"
| #define PACKAGE_BUGREPORT ""
| #define PACKAGE_URL ""
| #define PACKAGE "tmux"
| #define VERSION "2.2"
| #define STDC_HEADERS 1
| #define HAVE_SYS_TYPES_H 1
| #define HAVE_SYS_STAT_H 1
| #define HAVE_STDLIB_H 1
| #define HAVE_STRING_H 1
| #define HAVE_MEMORY_H 1
| #define HAVE_STRINGS_H 1
| #define HAVE_INTTYPES_H 1
| #define HAVE_STDINT_H 1
| #define HAVE_UNISTD_H 1
| #define HAVE_CURSES_H 1
| #define HAVE_DIRENT_H 1
| #define HAVE_FCNTL_H 1
| #define HAVE_INTTYPES_H 1
| #define HAVE_NCURSES_H 1
| #define HAVE_PATHS_H 1
| #define HAVE_PTY_H 1
| #define HAVE_STDINT_H 1
| #define HAVE_SYS_DIR_H 1
| /* end confdefs.h.  */
| #include <sys/tree.h>
configure:4653: result: no
configure:4653: checking for sys/tree.h
configure:4653: result: no
configure:4653: checking term.h usability
configure:4653: gcc -c -I/opt/c9/.c9/local/include -I/opt/c9/.c9/local/include/ncurses  conftest.c >&5
configure:4653: $? = 0
configure:4653: result: yes
configure:4653: checking term.h presence
configure:4653: gcc -E  conftest.c
configure:4653: $? = 0
configure:4653: result: yes
configure:4653: checking for term.h
configure:4653: result: yes
configure:4653: checking util.h usability
configure:4653: gcc -c -I/opt/c9/.c9/local/include -I/opt/c9/.c9/local/include/ncurses  conftest.c >&5
conftest.c:64:10: fatal error: util.h: No such file or directory
   64 | #include <util.h>
      |          ^~~~~~~~
compilation terminated.
configure:4653: $? = 1
configure: failed program was:
| /* confdefs.h */
| #define PACKAGE_NAME "tmux"
| #define PACKAGE_TARNAME "tmux"
| #define PACKAGE_VERSION "2.2"
| #define PACKAGE_STRING "tmux 2.2"
| #define PACKAGE_BUGREPORT ""
| #define PACKAGE_URL ""
| #define PACKAGE "tmux"
| #define VERSION "2.2"
| #define STDC_HEADERS 1
| #define HAVE_SYS_TYPES_H 1
| #define HAVE_SYS_STAT_H 1
| #define HAVE_STDLIB_H 1
| #define HAVE_STRING_H 1
| #define HAVE_MEMORY_H 1
| #define HAVE_STRINGS_H 1
| #define HAVE_INTTYPES_H 1
| #define HAVE_STDINT_H 1
| #define HAVE_UNISTD_H 1
| #define HAVE_CURSES_H 1
| #define HAVE_DIRENT_H 1
| #define HAVE_FCNTL_H 1
| #define HAVE_INTTYPES_H 1
| #define HAVE_NCURSES_H 1
| #define HAVE_PATHS_H 1
| #define HAVE_PTY_H 1
| #define HAVE_STDINT_H 1
| #define HAVE_SYS_DIR_H 1
| #define HAVE_TERM_H 1
| /* end confdefs.h.  */
| #include <stdio.h>
| #ifdef HAVE_SYS_TYPES_H
| # include <sys/types.h>
| #endif
| #ifdef HAVE_SYS_STAT_H
| # include <sys/stat.h>
| #endif
| #ifdef STDC_HEADERS
| # include <stdlib.h>
| # include <stddef.h>
| #else
| # ifdef HAVE_STDLIB_H
| #  include <stdlib.h>
| # endif
| #endif
| #ifdef HAVE_STRING_H
| # if !defined STDC_HEADERS && defined HAVE_MEMORY_H
| #  include <memory.h>
| # endif
| # include <string.h>
| #endif
| #ifdef HAVE_STRINGS_H
| # include <strings.h>
| #endif
| #ifdef HAVE_INTTYPES_H
| # include <inttypes.h>
| #endif
| #ifdef HAVE_STDINT_H
| # include <stdint.h>
| #endif
| #ifdef HAVE_UNISTD_H
| # include <unistd.h>
| #endif
| #include <util.h>
configure:4653: result: no
configure:4653: checking util.h presence
configure:4653: gcc -E  conftest.c
conftest.c:31:10: fatal error: util.h: No such file or directory
   31 | #include <util.h>
      |          ^~~~~~~~
compilation terminated.
configure:4653: $? = 1
configure: failed program was:
| /* confdefs.h */
| #define PACKAGE_NAME "tmux"
| #define PACKAGE_TARNAME "tmux"
| #define PACKAGE_VERSION "2.2"
| #define PACKAGE_STRING "tmux 2.2"
| #define PACKAGE_BUGREPORT ""
| #define PACKAGE_URL ""
| #define PACKAGE "tmux"
| #define VERSION "2.2"
| #define STDC_HEADERS 1
| #define HAVE_SYS_TYPES_H 1
| #define HAVE_SYS_STAT_H 1
| #define HAVE_STDLIB_H 1
| #define HAVE_STRING_H 1
| #define HAVE_MEMORY_H 1
| #define HAVE_STRINGS_H 1
| #define HAVE_INTTYPES_H 1
| #define HAVE_STDINT_H 1
| #define HAVE_UNISTD_H 1
| #define HAVE_CURSES_H 1
| #define HAVE_DIRENT_H 1
| #define HAVE_FCNTL_H 1
| #define HAVE_INTTYPES_H 1
| #define HAVE_NCURSES_H 1
| #define HAVE_PATHS_H 1
| #define HAVE_PTY_H 1
| #define HAVE_STDINT_H 1
| #define HAVE_SYS_DIR_H 1
| #define HAVE_TERM_H 1
| /* end confdefs.h.  */
| #include <util.h>
configure:4653: result: no
configure:4653: checking for util.h
configure:4653: result: no
configure:4665: checking for library containing flock
configure:4696: gcc -o conftest -I/opt/c9/.c9/local/include -I/opt/c9/.c9/local/include/ncurses  -static-libgcc -L/opt/c9/.c9/local/lib conftest.c  >&5
configure:4696: $? = 0
configure:4713: result: none required
configure:4733: checking for dirfd
configure:4733: gcc -o conftest -I/opt/c9/.c9/local/include -I/opt/c9/.c9/local/include/ncurses  -static-libgcc -L/opt/c9/.c9/local/lib conftest.c  >&5
configure:4733: $? = 0
configure:4733: result: yes
configure:4733: checking for flock
configure:4733: gcc -o conftest -I/opt/c9/.c9/local/include -I/opt/c9/.c9/local/include/ncurses  -static-libgcc -L/opt/c9/.c9/local/lib conftest.c  >&5
configure:4733: $? = 0
configure:4733: result: yes
configure:4733: checking for setproctitle
configure:4733: gcc -o conftest -I/opt/c9/.c9/local/include -I/opt/c9/.c9/local/include/ncurses  -static-libgcc -L/opt/c9/.c9/local/lib conftest.c  >&5
/usr/bin/ld: /opt/c9/.c9/tmp/ccOlurMK.o: in function `main':
conftest.c:(.text+0xe): undefined reference to `setproctitle'
collect2: error: ld returned 1 exit status
configure:4733: $? = 1
configure: failed program was:
| /* confdefs.h */
| #define PACKAGE_NAME "tmux"
| #define PACKAGE_TARNAME "tmux"
| #define PACKAGE_VERSION "2.2"
| #define PACKAGE_STRING "tmux 2.2"
| #define PACKAGE_BUGREPORT ""
| #define PACKAGE_URL ""
| #define PACKAGE "tmux"
| #define VERSION "2.2"
| #define STDC_HEADERS 1
| #define HAVE_SYS_TYPES_H 1
| #define HAVE_SYS_STAT_H 1
| #define HAVE_STDLIB_H 1
| #define HAVE_STRING_H 1
| #define HAVE_MEMORY_H 1
| #define HAVE_STRINGS_H 1
| #define HAVE_INTTYPES_H 1
| #define HAVE_STDINT_H 1
| #define HAVE_UNISTD_H 1
| #define HAVE_CURSES_H 1
| #define HAVE_DIRENT_H 1
| #define HAVE_FCNTL_H 1
| #define HAVE_INTTYPES_H 1
| #define HAVE_NCURSES_H 1
| #define HAVE_PATHS_H 1
| #define HAVE_PTY_H 1
| #define HAVE_STDINT_H 1
| #define HAVE_SYS_DIR_H 1
| #define HAVE_TERM_H 1
| #define HAVE_DIRFD 1
| #define HAVE_FLOCK 1
| /* end confdefs.h.  */
| /* Define setproctitle to an innocuous variant, in case <limits.h> declares setproctitle.
|    For example, HP-UX 11i <limits.h> declares gettimeofday.  */
| #define setproctitle innocuous_setproctitle
| 
| /* System header to define __stub macros and hopefully few prototypes,
|     which can conflict with char setproctitle (); below.
|     Prefer <limits.h> to <assert.h> if __STDC__ is defined, since
|     <limits.h> exists even on freestanding compilers.  */
| 
| #ifdef __STDC__
| # include <limits.h>
| #else
| # include <assert.h>
| #endif
| 
| #undef setproctitle
| 
| /* Override any GCC internal prototype to avoid an error.
|    Use char because int might match the return type of a GCC
|    builtin and then its argument prototype would still apply.  */
| #ifdef __cplusplus
| extern "C"
| #endif
| char setproctitle ();
| /* The GNU C library defines this for functions which it implements
|     to always fail with ENOSYS.  Some functions are actually named
|     something starting with __ and the normal name is an alias.  */
| #if defined __stub_setproctitle || defined __stub___setproctitle
| choke me
| #endif
| 
| int
| main ()
| {
| return setproctitle ();
|   ;
|   return 0;
| }
configure:4733: result: no
configure:4733: checking for sysconf
configure:4733: gcc -o conftest -I/opt/c9/.c9/local/include -I/opt/c9/.c9/local/include/ncurses  -static-libgcc -L/opt/c9/.c9/local/lib conftest.c  >&5
configure:4733: $? = 0
configure:4733: result: yes
configure:4733: checking for cfmakeraw
configure:4733: gcc -o conftest -I/opt/c9/.c9/local/include -I/opt/c9/.c9/local/include/ncurses  -static-libgcc -L/opt/c9/.c9/local/lib conftest.c  >&5
configure:4733: $? = 0
configure:4733: result: yes
configure:4744: checking for library containing clock_gettime
configure:4775: gcc -o conftest -I/opt/c9/.c9/local/include -I/opt/c9/.c9/local/include/ncurses  -static-libgcc -L/opt/c9/.c9/local/lib conftest.c  >&5
configure:4775: $? = 0
configure:4792: result: none required
configure:4804: checking for LIBEVENT
configure:4811: $PKG_CONFIG --exists --print-errors "libevent"
Package libevent was not found in the pkg-config search path.
Perhaps you should add the directory containing `libevent.pc'
to the PKG_CONFIG_PATH environment variable
No package 'libevent' found
configure:4814: $? = 1
configure:4828: $PKG_CONFIG --exists --print-errors "libevent"
Package libevent was not found in the pkg-config search path.
Perhaps you should add the directory containing `libevent.pc'
to the PKG_CONFIG_PATH environment variable
No package 'libevent' found
configure:4831: $? = 1
configure:4845: result: no
No package 'libevent' found
configure:4862: checking for library containing event_init
configure:4893: gcc -o conftest -I/opt/c9/.c9/local/include -I/opt/c9/.c9/local/include/ncurses  -static-libgcc -L/opt/c9/.c9/local/lib conftest.c  >&5
/usr/bin/ld: /opt/c9/.c9/tmp/ccLbDexW.o: in function `main':
conftest.c:(.text+0xe): undefined reference to `event_init'
collect2: error: ld returned 1 exit status
configure:4893: $? = 1
configure: failed program was:
| /* confdefs.h */
| #define PACKAGE_NAME "tmux"
| #define PACKAGE_TARNAME "tmux"
| #define PACKAGE_VERSION "2.2"
| #define PACKAGE_STRING "tmux 2.2"
| #define PACKAGE_BUGREPORT ""
| #define PACKAGE_URL ""
| #define PACKAGE "tmux"
| #define VERSION "2.2"
| #define STDC_HEADERS 1
| #define HAVE_SYS_TYPES_H 1
| #define HAVE_SYS_STAT_H 1
| #define HAVE_STDLIB_H 1
| #define HAVE_STRING_H 1
| #define HAVE_MEMORY_H 1
| #define HAVE_STRINGS_H 1
| #define HAVE_INTTYPES_H 1
| #define HAVE_STDINT_H 1
| #define HAVE_UNISTD_H 1
| #define HAVE_CURSES_H 1
| #define HAVE_DIRENT_H 1
| #define HAVE_FCNTL_H 1
| #define HAVE_INTTYPES_H 1
| #define HAVE_NCURSES_H 1
| #define HAVE_PATHS_H 1
| #define HAVE_PTY_H 1
| #define HAVE_STDINT_H 1
| #define HAVE_SYS_DIR_H 1
| #define HAVE_TERM_H 1
| #define HAVE_DIRFD 1
| #define HAVE_FLOCK 1
| #define HAVE_SYSCONF 1
| #define HAVE_CFMAKERAW 1
| /* end confdefs.h.  */
| 
| /* Override any GCC internal prototype to avoid an error.
|    Use char because int might match the return type of a GCC
|    builtin and then its argument prototype would still apply.  */
| #ifdef __cplusplus
| extern "C"
| #endif
| char event_init ();
| int
| main ()
| {
| return event_init ();
|   ;
|   return 0;
| }
configure:4893: gcc -o conftest -I/opt/c9/.c9/local/include -I/opt/c9/.c9/local/include/ncurses  -static-libgcc -L/opt/c9/.c9/local/lib conftest.c -levent   >&5
configure:4893: $? = 0
configure:4910: result: -levent
configure:5006: checking for LIBNCURSES
configure:5013: $PKG_CONFIG --exists --print-errors "ncurses"
configure:5016: $? = 0
configure:5030: $PKG_CONFIG --exists --print-errors "ncurses"
configure:5033: $? = 0
configure:5193: result: yes
configure:5215: checking utempter.h usability
configure:5215: gcc -c -I/opt/c9/.c9/local/include -I/opt/c9/.c9/local/include/ncurses -D_DEFAULT_SOURCE -D_XOPEN_SOURCE=600  conftest.c >&5
conftest.c:68:10: fatal error: utempter.h: No such file or directory
   68 | #include <utempter.h>
      |          ^~~~~~~~~~~~
compilation terminated.
configure:5215: $? = 1
configure: failed program was:
| /* confdefs.h */
| #define PACKAGE_NAME "tmux"
| #define PACKAGE_TARNAME "tmux"
| #define PACKAGE_VERSION "2.2"
| #define PACKAGE_STRING "tmux 2.2"
| #define PACKAGE_BUGREPORT ""
| #define PACKAGE_URL ""
| #define PACKAGE "tmux"
| #define VERSION "2.2"
| #define STDC_HEADERS 1
| #define HAVE_SYS_TYPES_H 1
| #define HAVE_SYS_STAT_H 1
| #define HAVE_STDLIB_H 1
| #define HAVE_STRING_H 1
| #define HAVE_MEMORY_H 1
| #define HAVE_STRINGS_H 1
| #define HAVE_INTTYPES_H 1
| #define HAVE_STDINT_H 1
| #define HAVE_UNISTD_H 1
| #define HAVE_CURSES_H 1
| #define HAVE_DIRENT_H 1
| #define HAVE_FCNTL_H 1
| #define HAVE_INTTYPES_H 1
| #define HAVE_NCURSES_H 1
| #define HAVE_PATHS_H 1
| #define HAVE_PTY_H 1
| #define HAVE_STDINT_H 1
| #define HAVE_SYS_DIR_H 1
| #define HAVE_TERM_H 1
| #define HAVE_DIRFD 1
| #define HAVE_FLOCK 1
| #define HAVE_SYSCONF 1
| #define HAVE_CFMAKERAW 1
| /* end confdefs.h.  */
| #include <stdio.h>
| #ifdef HAVE_SYS_TYPES_H
| # include <sys/types.h>
| #endif
| #ifdef HAVE_SYS_STAT_H
| # include <sys/stat.h>
| #endif
| #ifdef STDC_HEADERS
| # include <stdlib.h>
| # include <stddef.h>
| #else
| # ifdef HAVE_STDLIB_H
| #  include <stdlib.h>
| # endif
| #endif
| #ifdef HAVE_STRING_H
| # if !defined STDC_HEADERS && defined HAVE_MEMORY_H
| #  include <memory.h>
| # endif
| # include <string.h>
| #endif
| #ifdef HAVE_STRINGS_H
| # include <strings.h>
| #endif
| #ifdef HAVE_INTTYPES_H
| # include <inttypes.h>
| #endif
| #ifdef HAVE_STDINT_H
| # include <stdint.h>
| #endif
| #ifdef HAVE_UNISTD_H
| # include <unistd.h>
| #endif
| #include <utempter.h>
configure:5215: result: no
configure:5215: checking utempter.h presence
configure:5215: gcc -E -D_DEFAULT_SOURCE -D_XOPEN_SOURCE=600  conftest.c
conftest.c:35:10: fatal error: utempter.h: No such file or directory
   35 | #include <utempter.h>
      |          ^~~~~~~~~~~~
compilation terminated.
configure:5215: $? = 1
configure: failed program was:
| /* confdefs.h */
| #define PACKAGE_NAME "tmux"
| #define PACKAGE_TARNAME "tmux"
| #define PACKAGE_VERSION "2.2"
| #define PACKAGE_STRING "tmux 2.2"
| #define PACKAGE_BUGREPORT ""
| #define PACKAGE_URL ""
| #define PACKAGE "tmux"
| #define VERSION "2.2"
| #define STDC_HEADERS 1
| #define HAVE_SYS_TYPES_H 1
| #define HAVE_SYS_STAT_H 1
| #define HAVE_STDLIB_H 1
| #define HAVE_STRING_H 1
| #define HAVE_MEMORY_H 1
| #define HAVE_STRINGS_H 1
| #define HAVE_INTTYPES_H 1
| #define HAVE_STDINT_H 1
| #define HAVE_UNISTD_H 1
| #define HAVE_CURSES_H 1
| #define HAVE_DIRENT_H 1
| #define HAVE_FCNTL_H 1
| #define HAVE_INTTYPES_H 1
| #define HAVE_NCURSES_H 1
| #define HAVE_PATHS_H 1
| #define HAVE_PTY_H 1
| #define HAVE_STDINT_H 1
| #define HAVE_SYS_DIR_H 1
| #define HAVE_TERM_H 1
| #define HAVE_DIRFD 1
| #define HAVE_FLOCK 1
| #define HAVE_SYSCONF 1
| #define HAVE_CFMAKERAW 1
| /* end confdefs.h.  */
| #include <utempter.h>
configure:5215: result: no
configure:5215: checking for utempter.h
configure:5215: result: no
configure:5291: checking for b64_ntop
configure:5308: gcc -o conftest -I/opt/c9/.c9/local/include -I/opt/c9/.c9/local/include/ncurses -D_DEFAULT_SOURCE -D_XOPEN_SOURCE=600  -static-libgcc -L/opt/c9/.c9/local/lib conftest.c -Wl,-Bsymbolic-functions -lncurses -ltinfo -levent  >&5
/usr/bin/ld: /opt/c9/.c9/tmp/ccd7pRWA.o: in function `main':
conftest.c:(.text+0x1d): undefined reference to `__b64_ntop'
collect2: error: ld returned 1 exit status
configure:5308: $? = 1
configure: failed program was:
| /* confdefs.h */
| #define PACKAGE_NAME "tmux"
| #define PACKAGE_TARNAME "tmux"
| #define PACKAGE_VERSION "2.2"
| #define PACKAGE_STRING "tmux 2.2"
| #define PACKAGE_BUGREPORT ""
| #define PACKAGE_URL ""
| #define PACKAGE "tmux"
| #define VERSION "2.2"
| #define STDC_HEADERS 1
| #define HAVE_SYS_TYPES_H 1
| #define HAVE_SYS_STAT_H 1
| #define HAVE_STDLIB_H 1
| #define HAVE_STRING_H 1
| #define HAVE_MEMORY_H 1
| #define HAVE_STRINGS_H 1
| #define HAVE_INTTYPES_H 1
| #define HAVE_STDINT_H 1
| #define HAVE_UNISTD_H 1
| #define HAVE_CURSES_H 1
| #define HAVE_DIRENT_H 1
| #define HAVE_FCNTL_H 1
| #define HAVE_INTTYPES_H 1
| #define HAVE_NCURSES_H 1
| #define HAVE_PATHS_H 1
| #define HAVE_PTY_H 1
| #define HAVE_STDINT_H 1
| #define HAVE_SYS_DIR_H 1
| #define HAVE_TERM_H 1
| #define HAVE_DIRFD 1
| #define HAVE_FLOCK 1
| #define HAVE_SYSCONF 1
| #define HAVE_CFMAKERAW 1
| /* end confdefs.h.  */
| 
| 		#include <sys/types.h>
| 		#include <netinet/in.h>
| 		#include <resolv.h>
| 
| int
| main ()
| {
| b64_ntop(NULL, 0, NULL, 0);
|   ;
|   return 0;
| }
configure:5317: result: no
configure:5320: checking for b64_ntop with -lresolv
configure:5338: gcc -o conftest -I/opt/c9/.c9/local/include -I/opt/c9/.c9/local/include/ncurses -D_DEFAULT_SOURCE -D_XOPEN_SOURCE=600  -static-libgcc -L/opt/c9/.c9/local/lib conftest.c -Wl,-Bsymbolic-functions -lncurses -ltinfo -levent  -lresolv >&5
configure:5338: $? = 0
configure:5354: result: yes
configure:5367: checking for library containing inet_ntoa
configure:5398: gcc -o conftest -I/opt/c9/.c9/local/include -I/opt/c9/.c9/local/include/ncurses -D_DEFAULT_SOURCE -D_XOPEN_SOURCE=600  -static-libgcc -L/opt/c9/.c9/local/lib conftest.c -Wl,-Bsymbolic-functions -lncurses -ltinfo -levent  -lresolv >&5
configure:5398: $? = 0
configure:5415: result: none required
configure:5423: checking for library containing socket
configure:5454: gcc -o conftest -I/opt/c9/.c9/local/include -I/opt/c9/.c9/local/include/ncurses -D_DEFAULT_SOURCE -D_XOPEN_SOURCE=600  -static-libgcc -L/opt/c9/.c9/local/lib conftest.c -Wl,-Bsymbolic-functions -lncurses -ltinfo -levent  -lresolv >&5
configure:5454: $? = 0
configure:5471: result: none required
configure:5479: checking for socket in -lxnet
configure:5504: gcc -o conftest -I/opt/c9/.c9/local/include -I/opt/c9/.c9/local/include/ncurses -D_DEFAULT_SOURCE -D_XOPEN_SOURCE=600  -static-libgcc -L/opt/c9/.c9/local/lib conftest.c -lxnet  -Wl,-Bsymbolic-functions -lncurses -ltinfo -levent  -lresolv >&5
/usr/bin/ld: cannot find -lxnet
collect2: error: ld returned 1 exit status
configure:5504: $? = 1
configure: failed program was:
| /* confdefs.h */
| #define PACKAGE_NAME "tmux"
| #define PACKAGE_TARNAME "tmux"
| #define PACKAGE_VERSION "2.2"
| #define PACKAGE_STRING "tmux 2.2"
| #define PACKAGE_BUGREPORT ""
| #define PACKAGE_URL ""
| #define PACKAGE "tmux"
| #define VERSION "2.2"
| #define STDC_HEADERS 1
| #define HAVE_SYS_TYPES_H 1
| #define HAVE_SYS_STAT_H 1
| #define HAVE_STDLIB_H 1
| #define HAVE_STRING_H 1
| #define HAVE_MEMORY_H 1
| #define HAVE_STRINGS_H 1
| #define HAVE_INTTYPES_H 1
| #define HAVE_STDINT_H 1
| #define HAVE_UNISTD_H 1
| #define HAVE_CURSES_H 1
| #define HAVE_DIRENT_H 1
| #define HAVE_FCNTL_H 1
| #define HAVE_INTTYPES_H 1
| #define HAVE_NCURSES_H 1
| #define HAVE_PATHS_H 1
| #define HAVE_PTY_H 1
| #define HAVE_STDINT_H 1
| #define HAVE_SYS_DIR_H 1
| #define HAVE_TERM_H 1
| #define HAVE_DIRFD 1
| #define HAVE_FLOCK 1
| #define HAVE_SYSCONF 1
| #define HAVE_CFMAKERAW 1
| #define HAVE_B64_NTOP 1
| /* end confdefs.h.  */
| 
| /* Override any GCC internal prototype to avoid an error.
|    Use char because int might match the return type of a GCC
|    builtin and then its argument prototype would still apply.  */
| #ifdef __cplusplus
| extern "C"
| #endif
| char socket ();
| int
| main ()
| {
| return socket ();
|   ;
|   return 0;
| }
configure:5513: result: no
configure:5528: checking for CMSG_DATA
configure:5548: result: yes
configure:5584: checking for library containing imsg_init
configure:5615: gcc -o conftest -I/opt/c9/.c9/local/include -I/opt/c9/.c9/local/include/ncurses -D_DEFAULT_SOURCE -D_XOPEN_SOURCE=600  -static-libgcc -L/opt/c9/.c9/local/lib conftest.c -Wl,-Bsymbolic-functions -lncurses -ltinfo -levent  -lresolv >&5
/usr/bin/ld: /opt/c9/.c9/tmp/ccu4kJ8B.o: in function `main':
conftest.c:(.text+0xe): undefined reference to `imsg_init'
collect2: error: ld returned 1 exit status
configure:5615: $? = 1
configure: failed program was:
| /* confdefs.h */
| #define PACKAGE_NAME "tmux"
| #define PACKAGE_TARNAME "tmux"
| #define PACKAGE_VERSION "2.2"
| #define PACKAGE_STRING "tmux 2.2"
| #define PACKAGE_BUGREPORT ""
| #define PACKAGE_URL ""
| #define PACKAGE "tmux"
| #define VERSION "2.2"
| #define STDC_HEADERS 1
| #define HAVE_SYS_TYPES_H 1
| #define HAVE_SYS_STAT_H 1
| #define HAVE_STDLIB_H 1
| #define HAVE_STRING_H 1
| #define HAVE_MEMORY_H 1
| #define HAVE_STRINGS_H 1
| #define HAVE_INTTYPES_H 1
| #define HAVE_STDINT_H 1
| #define HAVE_UNISTD_H 1
| #define HAVE_CURSES_H 1
| #define HAVE_DIRENT_H 1
| #define HAVE_FCNTL_H 1
| #define HAVE_INTTYPES_H 1
| #define HAVE_NCURSES_H 1
| #define HAVE_PATHS_H 1
| #define HAVE_PTY_H 1
| #define HAVE_STDINT_H 1
| #define HAVE_SYS_DIR_H 1
| #define HAVE_TERM_H 1
| #define HAVE_DIRFD 1
| #define HAVE_FLOCK 1
| #define HAVE_SYSCONF 1
| #define HAVE_CFMAKERAW 1
| #define HAVE_B64_NTOP 1
| /* end confdefs.h.  */
| 
| /* Override any GCC internal prototype to avoid an error.
|    Use char because int might match the return type of a GCC
|    builtin and then its argument prototype would still apply.  */
| #ifdef __cplusplus
| extern "C"
| #endif
| char imsg_init ();
| int
| main ()
| {
| return imsg_init ();
|   ;
|   return 0;
| }
configure:5615: gcc -o conftest -I/opt/c9/.c9/local/include -I/opt/c9/.c9/local/include/ncurses -D_DEFAULT_SOURCE -D_XOPEN_SOURCE=600  -static-libgcc -L/opt/c9/.c9/local/lib conftest.c -lutil  -Wl,-Bsymbolic-functions -lncurses -ltinfo -levent  -lresolv >&5
/usr/bin/ld: /opt/c9/.c9/tmp/ccsZ3eaA.o: in function `main':
conftest.c:(.text+0xe): undefined reference to `imsg_init'
collect2: error: ld returned 1 exit status
configure:5615: $? = 1
configure: failed program was:
| /* confdefs.h */
| #define PACKAGE_NAME "tmux"
| #define PACKAGE_TARNAME "tmux"
| #define PACKAGE_VERSION "2.2"
| #define PACKAGE_STRING "tmux 2.2"
| #define PACKAGE_BUGREPORT ""
| #define PACKAGE_URL ""
| #define PACKAGE "tmux"
| #define VERSION "2.2"
| #define STDC_HEADERS 1
| #define HAVE_SYS_TYPES_H 1
| #define HAVE_SYS_STAT_H 1
| #define HAVE_STDLIB_H 1
| #define HAVE_STRING_H 1
| #define HAVE_MEMORY_H 1
| #define HAVE_STRINGS_H 1
| #define HAVE_INTTYPES_H 1
| #define HAVE_STDINT_H 1
| #define HAVE_UNISTD_H 1
| #define HAVE_CURSES_H 1
| #define HAVE_DIRENT_H 1
| #define HAVE_FCNTL_H 1
| #define HAVE_INTTYPES_H 1
| #define HAVE_NCURSES_H 1
| #define HAVE_PATHS_H 1
| #define HAVE_PTY_H 1
| #define HAVE_STDINT_H 1
| #define HAVE_SYS_DIR_H 1
| #define HAVE_TERM_H 1
| #define HAVE_DIRFD 1
| #define HAVE_FLOCK 1
| #define HAVE_SYSCONF 1
| #define HAVE_CFMAKERAW 1
| #define HAVE_B64_NTOP 1
| /* end confdefs.h.  */
| 
| /* Override any GCC internal prototype to avoid an error.
|    Use char because int might match the return type of a GCC
|    builtin and then its argument prototype would still apply.  */
| #ifdef __cplusplus
| extern "C"
| #endif
| char imsg_init ();
| int
| main ()
| {
| return imsg_init ();
|   ;
|   return 0;
| }
configure:5632: result: no
configure:5656: checking for library containing forkpty
configure:5687: gcc -o conftest -I/opt/c9/.c9/local/include -I/opt/c9/.c9/local/include/ncurses -D_DEFAULT_SOURCE -D_XOPEN_SOURCE=600  -static-libgcc -L/opt/c9/.c9/local/lib conftest.c -Wl,-Bsymbolic-functions -lncurses -ltinfo -levent  -lresolv >&5
/usr/bin/ld: /opt/c9/.c9/tmp/cchA1q2I.o: in function `main':
conftest.c:(.text+0xe): undefined reference to `forkpty'
collect2: error: ld returned 1 exit status
configure:5687: $? = 1
configure: failed program was:
| /* confdefs.h */
| #define PACKAGE_NAME "tmux"
| #define PACKAGE_TARNAME "tmux"
| #define PACKAGE_VERSION "2.2"
| #define PACKAGE_STRING "tmux 2.2"
| #define PACKAGE_BUGREPORT ""
| #define PACKAGE_URL ""
| #define PACKAGE "tmux"
| #define VERSION "2.2"
| #define STDC_HEADERS 1
| #define HAVE_SYS_TYPES_H 1
| #define HAVE_SYS_STAT_H 1
| #define HAVE_STDLIB_H 1
| #define HAVE_STRING_H 1
| #define HAVE_MEMORY_H 1
| #define HAVE_STRINGS_H 1
| #define HAVE_INTTYPES_H 1
| #define HAVE_STDINT_H 1
| #define HAVE_UNISTD_H 1
| #define HAVE_CURSES_H 1
| #define HAVE_DIRENT_H 1
| #define HAVE_FCNTL_H 1
| #define HAVE_INTTYPES_H 1
| #define HAVE_NCURSES_H 1
| #define HAVE_PATHS_H 1
| #define HAVE_PTY_H 1
| #define HAVE_STDINT_H 1
| #define HAVE_SYS_DIR_H 1
| #define HAVE_TERM_H 1
| #define HAVE_DIRFD 1
| #define HAVE_FLOCK 1
| #define HAVE_SYSCONF 1
| #define HAVE_CFMAKERAW 1
| #define HAVE_B64_NTOP 1
| /* end confdefs.h.  */
| 
| /* Override any GCC internal prototype to avoid an error.
|    Use char because int might match the return type of a GCC
|    builtin and then its argument prototype would still apply.  */
| #ifdef __cplusplus
| extern "C"
| #endif
| char forkpty ();
| int
| main ()
| {
| return forkpty ();
|   ;
|   return 0;
| }
configure:5687: gcc -o conftest -I/opt/c9/.c9/local/include -I/opt/c9/.c9/local/include/ncurses -D_DEFAULT_SOURCE -D_XOPEN_SOURCE=600  -static-libgcc -L/opt/c9/.c9/local/lib conftest.c -lutil  -Wl,-Bsymbolic-functions -lncurses -ltinfo -levent  -lresolv >&5
configure:5687: $? = 0
configure:5704: result: -lutil
configure:5728: checking for closefrom
configure:5728: gcc -o conftest -I/opt/c9/.c9/local/include -I/opt/c9/.c9/local/include/ncurses -D_DEFAULT_SOURCE -D_XOPEN_SOURCE=600  -static-libgcc -L/opt/c9/.c9/local/lib conftest.c -lutil -Wl,-Bsymbolic-functions -lncurses -ltinfo -levent  -lresolv >&5
/usr/bin/ld: /opt/c9/.c9/tmp/ccpUlidw.o: in function `main':
conftest.c:(.text+0xe): undefined reference to `closefrom'
collect2: error: ld returned 1 exit status
configure:5728: $? = 1
configure: failed program was:
| /* confdefs.h */
| #define PACKAGE_NAME "tmux"
| #define PACKAGE_TARNAME "tmux"
| #define PACKAGE_VERSION "2.2"
| #define PACKAGE_STRING "tmux 2.2"
| #define PACKAGE_BUGREPORT ""
| #define PACKAGE_URL ""
| #define PACKAGE "tmux"
| #define VERSION "2.2"
| #define STDC_HEADERS 1
| #define HAVE_SYS_TYPES_H 1
| #define HAVE_SYS_STAT_H 1
| #define HAVE_STDLIB_H 1
| #define HAVE_STRING_H 1
| #define HAVE_MEMORY_H 1
| #define HAVE_STRINGS_H 1
| #define HAVE_INTTYPES_H 1
| #define HAVE_STDINT_H 1
| #define HAVE_UNISTD_H 1
| #define HAVE_CURSES_H 1
| #define HAVE_DIRENT_H 1
| #define HAVE_FCNTL_H 1
| #define HAVE_INTTYPES_H 1
| #define HAVE_NCURSES_H 1
| #define HAVE_PATHS_H 1
| #define HAVE_PTY_H 1
| #define HAVE_STDINT_H 1
| #define HAVE_SYS_DIR_H 1
| #define HAVE_TERM_H 1
| #define HAVE_DIRFD 1
| #define HAVE_FLOCK 1
| #define HAVE_SYSCONF 1
| #define HAVE_CFMAKERAW 1
| #define HAVE_B64_NTOP 1
| #define HAVE_FORKPTY 1
| /* end confdefs.h.  */
| /* Define closefrom to an innocuous variant, in case <limits.h> declares closefrom.
|    For example, HP-UX 11i <limits.h> declares gettimeofday.  */
| #define closefrom innocuous_closefrom
| 
| /* System header to define __stub macros and hopefully few prototypes,
|     which can conflict with char closefrom (); below.
|     Prefer <limits.h> to <assert.h> if __STDC__ is defined, since
|     <limits.h> exists even on freestanding compilers.  */
| 
| #ifdef __STDC__
| # include <limits.h>
| #else
| # include <assert.h>
| #endif
| 
| #undef closefrom
| 
| /* Override any GCC internal prototype to avoid an error.
|    Use char because int might match the return type of a GCC
|    builtin and then its argument prototype would still apply.  */
| #ifdef __cplusplus
| extern "C"
| #endif
| char closefrom ();
| /* The GNU C library defines this for functions which it implements
|     to always fail with ENOSYS.  Some functions are actually named
|     something starting with __ and the normal name is an alias.  */
| #if defined __stub_closefrom || defined __stub___closefrom
| choke me
| #endif
| 
| int
| main ()
| {
| return closefrom ();
|   ;
|   return 0;
| }
configure:5728: result: no
configure:5749: checking for daemon
configure:5749: gcc -o conftest -I/opt/c9/.c9/local/include -I/opt/c9/.c9/local/include/ncurses -D_DEFAULT_SOURCE -D_XOPEN_SOURCE=600  -static-libgcc -L/opt/c9/.c9/local/lib conftest.c -lutil -Wl,-Bsymbolic-functions -lncurses -ltinfo -levent  -lresolv >&5
configure:5749: $? = 0
configure:5749: result: yes
configure:5770: checking for setenv
configure:5770: gcc -o conftest -I/opt/c9/.c9/local/include -I/opt/c9/.c9/local/include/ncurses -D_DEFAULT_SOURCE -D_XOPEN_SOURCE=600  -static-libgcc -L/opt/c9/.c9/local/lib conftest.c -lutil -Wl,-Bsymbolic-functions -lncurses -ltinfo -levent  -lresolv >&5
configure:5770: $? = 0
configure:5770: result: yes
configure:5791: checking for strlcpy
configure:5791: gcc -o conftest -I/opt/c9/.c9/local/include -I/opt/c9/.c9/local/include/ncurses -D_DEFAULT_SOURCE -D_XOPEN_SOURCE=600  -static-libgcc -L/opt/c9/.c9/local/lib conftest.c -lutil -Wl,-Bsymbolic-functions -lncurses -ltinfo -levent  -lresolv >&5
/usr/bin/ld: /opt/c9/.c9/tmp/ccFTvYQ6.o: in function `main':
conftest.c:(.text+0xe): undefined reference to `strlcpy'
collect2: error: ld returned 1 exit status
configure:5791: $? = 1
configure: failed program was:
| /* confdefs.h */
| #define PACKAGE_NAME "tmux"
| #define PACKAGE_TARNAME "tmux"
| #define PACKAGE_VERSION "2.2"
| #define PACKAGE_STRING "tmux 2.2"
| #define PACKAGE_BUGREPORT ""
| #define PACKAGE_URL ""
| #define PACKAGE "tmux"
| #define VERSION "2.2"
| #define STDC_HEADERS 1
| #define HAVE_SYS_TYPES_H 1
| #define HAVE_SYS_STAT_H 1
| #define HAVE_STDLIB_H 1
| #define HAVE_STRING_H 1
| #define HAVE_MEMORY_H 1
| #define HAVE_STRINGS_H 1
| #define HAVE_INTTYPES_H 1
| #define HAVE_STDINT_H 1
| #define HAVE_UNISTD_H 1
| #define HAVE_CURSES_H 1
| #define HAVE_DIRENT_H 1
| #define HAVE_FCNTL_H 1
| #define HAVE_INTTYPES_H 1
| #define HAVE_NCURSES_H 1
| #define HAVE_PATHS_H 1
| #define HAVE_PTY_H 1
| #define HAVE_STDINT_H 1
| #define HAVE_SYS_DIR_H 1
| #define HAVE_TERM_H 1
| #define HAVE_DIRFD 1
| #define HAVE_FLOCK 1
| #define HAVE_SYSCONF 1
| #define HAVE_CFMAKERAW 1
| #define HAVE_B64_NTOP 1
| #define HAVE_FORKPTY 1
| #define HAVE_DAEMON 1
| #define HAVE_SETENV 1
| /* end confdefs.h.  */
| /* Define strlcpy to an innocuous variant, in case <limits.h> declares strlcpy.
|    For example, HP-UX 11i <limits.h> declares gettimeofday.  */
| #define strlcpy innocuous_strlcpy
| 
| /* System header to define __stub macros and hopefully few prototypes,
|     which can conflict with char strlcpy (); below.
|     Prefer <limits.h> to <assert.h> if __STDC__ is defined, since
|     <limits.h> exists even on freestanding compilers.  */
| 
| #ifdef __STDC__
| # include <limits.h>
| #else
| # include <assert.h>
| #endif
| 
| #undef strlcpy
| 
| /* Override any GCC internal prototype to avoid an error.
|    Use char because int might match the return type of a GCC
|    builtin and then its argument prototype would still apply.  */
| #ifdef __cplusplus
| extern "C"
| #endif
| char strlcpy ();
| /* The GNU C library defines this for functions which it implements
|     to always fail with ENOSYS.  Some functions are actually named
|     something starting with __ and the normal name is an alias.  */
| #if defined __stub_strlcpy || defined __stub___strlcpy
| choke me
| #endif
| 
| int
| main ()
| {
| return strlcpy ();
|   ;
|   return 0;
| }
configure:5791: result: no
configure:5812: checking for strlcat
configure:5812: gcc -o conftest -I/opt/c9/.c9/local/include -I/opt/c9/.c9/local/include/ncurses -D_DEFAULT_SOURCE -D_XOPEN_SOURCE=600  -static-libgcc -L/opt/c9/.c9/local/lib conftest.c -lutil -Wl,-Bsymbolic-functions -lncurses -ltinfo -levent  -lresolv >&5
/usr/bin/ld: /opt/c9/.c9/tmp/ccR6ixy9.o: in function `main':
conftest.c:(.text+0xe): undefined reference to `strlcat'
collect2: error: ld returned 1 exit status
configure:5812: $? = 1
configure: failed program was:
| /* confdefs.h */
| #define PACKAGE_NAME "tmux"
| #define PACKAGE_TARNAME "tmux"
| #define PACKAGE_VERSION "2.2"
| #define PACKAGE_STRING "tmux 2.2"
| #define PACKAGE_BUGREPORT ""
| #define PACKAGE_URL ""
| #define PACKAGE "tmux"
| #define VERSION "2.2"
| #define STDC_HEADERS 1
| #define HAVE_SYS_TYPES_H 1
| #define HAVE_SYS_STAT_H 1
| #define HAVE_STDLIB_H 1
| #define HAVE_STRING_H 1
| #define HAVE_MEMORY_H 1
| #define HAVE_STRINGS_H 1
| #define HAVE_INTTYPES_H 1
| #define HAVE_STDINT_H 1
| #define HAVE_UNISTD_H 1
| #define HAVE_CURSES_H 1
| #define HAVE_DIRENT_H 1
| #define HAVE_FCNTL_H 1
| #define HAVE_INTTYPES_H 1
| #define HAVE_NCURSES_H 1
| #define HAVE_PATHS_H 1
| #define HAVE_PTY_H 1
| #define HAVE_STDINT_H 1
| #define HAVE_SYS_DIR_H 1
| #define HAVE_TERM_H 1
| #define HAVE_DIRFD 1
| #define HAVE_FLOCK 1
| #define HAVE_SYSCONF 1
| #define HAVE_CFMAKERAW 1
| #define HAVE_B64_NTOP 1
| #define HAVE_FORKPTY 1
| #define HAVE_DAEMON 1
| #define HAVE_SETENV 1
| /* end confdefs.h.  */
| /* Define strlcat to an innocuous variant, in case <limits.h> declares strlcat.
|    For example, HP-UX 11i <limits.h> declares gettimeofday.  */
| #define strlcat innocuous_strlcat
| 
| /* System header to define __stub macros and hopefully few prototypes,
|     which can conflict with char strlcat (); below.
|     Prefer <limits.h> to <assert.h> if __STDC__ is defined, since
|     <limits.h> exists even on freestanding compilers.  */
| 
| #ifdef __STDC__
| # include <limits.h>
| #else
| # include <assert.h>
| #endif
| 
| #undef strlcat
| 
| /* Override any GCC internal prototype to avoid an error.
|    Use char because int might match the return type of a GCC
|    builtin and then its argument prototype would still apply.  */
| #ifdef __cplusplus
| extern "C"
| #endif
| char strlcat ();
| /* The GNU C library defines this for functions which it implements
|     to always fail with ENOSYS.  Some functions are actually named
|     something starting with __ and the normal name is an alias.  */
| #if defined __stub_strlcat || defined __stub___strlcat
| choke me
| #endif
| 
| int
| main ()
| {
| return strlcat ();
|   ;
|   return 0;
| }
configure:5812: result: no
configure:5833: checking for asprintf
configure:5833: gcc -o conftest -I/opt/c9/.c9/local/include -I/opt/c9/.c9/local/include/ncurses -D_DEFAULT_SOURCE -D_XOPEN_SOURCE=600  -static-libgcc -L/opt/c9/.c9/local/lib conftest.c -lutil -Wl,-Bsymbolic-functions -lncurses -ltinfo -levent  -lresolv >&5
configure:5833: $? = 0
configure:5833: result: yes
configure:5854: checking for fgetln
configure:5854: gcc -o conftest -I/opt/c9/.c9/local/include -I/opt/c9/.c9/local/include/ncurses -D_DEFAULT_SOURCE -D_XOPEN_SOURCE=600  -static-libgcc -L/opt/c9/.c9/local/lib conftest.c -lutil -Wl,-Bsymbolic-functions -lncurses -ltinfo -levent  -lresolv >&5
/usr/bin/ld: /opt/c9/.c9/tmp/cceP7zPX.o: in function `main':
conftest.c:(.text+0xe): undefined reference to `fgetln'
collect2: error: ld returned 1 exit status
configure:5854: $? = 1
configure: failed program was:
| /* confdefs.h */
| #define PACKAGE_NAME "tmux"
| #define PACKAGE_TARNAME "tmux"
| #define PACKAGE_VERSION "2.2"
| #define PACKAGE_STRING "tmux 2.2"
| #define PACKAGE_BUGREPORT ""
| #define PACKAGE_URL ""
| #define PACKAGE "tmux"
| #define VERSION "2.2"
| #define STDC_HEADERS 1
| #define HAVE_SYS_TYPES_H 1
| #define HAVE_SYS_STAT_H 1
| #define HAVE_STDLIB_H 1
| #define HAVE_STRING_H 1
| #define HAVE_MEMORY_H 1
| #define HAVE_STRINGS_H 1
| #define HAVE_INTTYPES_H 1
| #define HAVE_STDINT_H 1
| #define HAVE_UNISTD_H 1
| #define HAVE_CURSES_H 1
| #define HAVE_DIRENT_H 1
| #define HAVE_FCNTL_H 1
| #define HAVE_INTTYPES_H 1
| #define HAVE_NCURSES_H 1
| #define HAVE_PATHS_H 1
| #define HAVE_PTY_H 1
| #define HAVE_STDINT_H 1
| #define HAVE_SYS_DIR_H 1
| #define HAVE_TERM_H 1
| #define HAVE_DIRFD 1
| #define HAVE_FLOCK 1
| #define HAVE_SYSCONF 1
| #define HAVE_CFMAKERAW 1
| #define HAVE_B64_NTOP 1
| #define HAVE_FORKPTY 1
| #define HAVE_DAEMON 1
| #define HAVE_SETENV 1
| #define HAVE_ASPRINTF 1
| /* end confdefs.h.  */
| /* Define fgetln to an innocuous variant, in case <limits.h> declares fgetln.
|    For example, HP-UX 11i <limits.h> declares gettimeofday.  */
| #define fgetln innocuous_fgetln
| 
| /* System header to define __stub macros and hopefully few prototypes,
|     which can conflict with char fgetln (); below.
|     Prefer <limits.h> to <assert.h> if __STDC__ is defined, since
|     <limits.h> exists even on freestanding compilers.  */
| 
| #ifdef __STDC__
| # include <limits.h>
| #else
| # include <assert.h>
| #endif
| 
| #undef fgetln
| 
| /* Override any GCC internal prototype to avoid an error.
|    Use char because int might match the return type of a GCC
|    builtin and then its argument prototype would still apply.  */
| #ifdef __cplusplus
| extern "C"
| #endif
| char fgetln ();
| /* The GNU C library defines this for functions which it implements
|     to always fail with ENOSYS.  Some functions are actually named
|     something starting with __ and the normal name is an alias.  */
| #if defined __stub_fgetln || defined __stub___fgetln
| choke me
| #endif
| 
| int
| main ()
| {
| return fgetln ();
|   ;
|   return 0;
| }
configure:5854: result: no
configure:5875: checking for fparseln
configure:5875: gcc -o conftest -I/opt/c9/.c9/local/include -I/opt/c9/.c9/local/include/ncurses -D_DEFAULT_SOURCE -D_XOPEN_SOURCE=600  -static-libgcc -L/opt/c9/.c9/local/lib conftest.c -lutil -Wl,-Bsymbolic-functions -lncurses -ltinfo -levent  -lresolv >&5
/usr/bin/ld: /opt/c9/.c9/tmp/cchhi7W2.o: in function `main':
conftest.c:(.text+0xe): undefined reference to `fparseln'
collect2: error: ld returned 1 exit status
configure:5875: $? = 1
configure: failed program was:
| /* confdefs.h */
| #define PACKAGE_NAME "tmux"
| #define PACKAGE_TARNAME "tmux"
| #define PACKAGE_VERSION "2.2"
| #define PACKAGE_STRING "tmux 2.2"
| #define PACKAGE_BUGREPORT ""
| #define PACKAGE_URL ""
| #define PACKAGE "tmux"
| #define VERSION "2.2"
| #define STDC_HEADERS 1
| #define HAVE_SYS_TYPES_H 1
| #define HAVE_SYS_STAT_H 1
| #define HAVE_STDLIB_H 1
| #define HAVE_STRING_H 1
| #define HAVE_MEMORY_H 1
| #define HAVE_STRINGS_H 1
| #define HAVE_INTTYPES_H 1
| #define HAVE_STDINT_H 1
| #define HAVE_UNISTD_H 1
| #define HAVE_CURSES_H 1
| #define HAVE_DIRENT_H 1
| #define HAVE_FCNTL_H 1
| #define HAVE_INTTYPES_H 1
| #define HAVE_NCURSES_H 1
| #define HAVE_PATHS_H 1
| #define HAVE_PTY_H 1
| #define HAVE_STDINT_H 1
| #define HAVE_SYS_DIR_H 1
| #define HAVE_TERM_H 1
| #define HAVE_DIRFD 1
| #define HAVE_FLOCK 1
| #define HAVE_SYSCONF 1
| #define HAVE_CFMAKERAW 1
| #define HAVE_B64_NTOP 1
| #define HAVE_FORKPTY 1
| #define HAVE_DAEMON 1
| #define HAVE_SETENV 1
| #define HAVE_ASPRINTF 1
| /* end confdefs.h.  */
| /* Define fparseln to an innocuous variant, in case <limits.h> declares fparseln.
|    For example, HP-UX 11i <limits.h> declares gettimeofday.  */
| #define fparseln innocuous_fparseln
| 
| /* System header to define __stub macros and hopefully few prototypes,
|     which can conflict with char fparseln (); below.
|     Prefer <limits.h> to <assert.h> if __STDC__ is defined, since
|     <limits.h> exists even on freestanding compilers.  */
| 
| #ifdef __STDC__
| # include <limits.h>
| #else
| # include <assert.h>
| #endif
| 
| #undef fparseln
| 
| /* Override any GCC internal prototype to avoid an error.
|    Use char because int might match the return type of a GCC
|    builtin and then its argument prototype would still apply.  */
| #ifdef __cplusplus
| extern "C"
| #endif
| char fparseln ();
| /* The GNU C library defines this for functions which it implements
|     to always fail with ENOSYS.  Some functions are actually named
|     something starting with __ and the normal name is an alias.  */
| #if defined __stub_fparseln || defined __stub___fparseln
| choke me
| #endif
| 
| int
| main ()
| {
| return fparseln ();
|   ;
|   return 0;
| }
configure:5875: result: no
configure:5896: checking for strcasestr
configure:5896: gcc -o conftest -I/opt/c9/.c9/local/include -I/opt/c9/.c9/local/include/ncurses -D_DEFAULT_SOURCE -D_XOPEN_SOURCE=600  -static-libgcc -L/opt/c9/.c9/local/lib conftest.c -lutil -Wl,-Bsymbolic-functions -lncurses -ltinfo -levent  -lresolv >&5
configure:5896: $? = 0
configure:5896: result: yes
configure:5917: checking for strsep
configure:5917: gcc -o conftest -I/opt/c9/.c9/local/include -I/opt/c9/.c9/local/include/ncurses -D_DEFAULT_SOURCE -D_XOPEN_SOURCE=600  -static-libgcc -L/opt/c9/.c9/local/lib conftest.c -lutil -Wl,-Bsymbolic-functions -lncurses -ltinfo -levent  -lresolv >&5
configure:5917: $? = 0
configure:5917: result: yes
configure:5938: checking for strtonum
configure:5938: gcc -o conftest -I/opt/c9/.c9/local/include -I/opt/c9/.c9/local/include/ncurses -D_DEFAULT_SOURCE -D_XOPEN_SOURCE=600  -static-libgcc -L/opt/c9/.c9/local/lib conftest.c -lutil -Wl,-Bsymbolic-functions -lncurses -ltinfo -levent  -lresolv >&5
/usr/bin/ld: /opt/c9/.c9/tmp/ccddcFSC.o: in function `main':
conftest.c:(.text+0xe): undefined reference to `strtonum'
collect2: error: ld returned 1 exit status
configure:5938: $? = 1
configure: failed program was:
| /* confdefs.h */
| #define PACKAGE_NAME "tmux"
| #define PACKAGE_TARNAME "tmux"
| #define PACKAGE_VERSION "2.2"
| #define PACKAGE_STRING "tmux 2.2"
| #define PACKAGE_BUGREPORT ""
| #define PACKAGE_URL ""
| #define PACKAGE "tmux"
| #define VERSION "2.2"
| #define STDC_HEADERS 1
| #define HAVE_SYS_TYPES_H 1
| #define HAVE_SYS_STAT_H 1
| #define HAVE_STDLIB_H 1
| #define HAVE_STRING_H 1
| #define HAVE_MEMORY_H 1
| #define HAVE_STRINGS_H 1
| #define HAVE_INTTYPES_H 1
| #define HAVE_STDINT_H 1
| #define HAVE_UNISTD_H 1
| #define HAVE_CURSES_H 1
| #define HAVE_DIRENT_H 1
| #define HAVE_FCNTL_H 1
| #define HAVE_INTTYPES_H 1
| #define HAVE_NCURSES_H 1
| #define HAVE_PATHS_H 1
| #define HAVE_PTY_H 1
| #define HAVE_STDINT_H 1
| #define HAVE_SYS_DIR_H 1
| #define HAVE_TERM_H 1
| #define HAVE_DIRFD 1
| #define HAVE_FLOCK 1
| #define HAVE_SYSCONF 1
| #define HAVE_CFMAKERAW 1
| #define HAVE_B64_NTOP 1
| #define HAVE_FORKPTY 1
| #define HAVE_DAEMON 1
| #define HAVE_SETENV 1
| #define HAVE_ASPRINTF 1
| #define HAVE_STRCASESTR 1
| #define HAVE_STRSEP 1
| /* end confdefs.h.  */
| /* Define strtonum to an innocuous variant, in case <limits.h> declares strtonum.
|    For example, HP-UX 11i <limits.h> declares gettimeofday.  */
| #define strtonum innocuous_strtonum
| 
| /* System header to define __stub macros and hopefully few prototypes,
|     which can conflict with char strtonum (); below.
|     Prefer <limits.h> to <assert.h> if __STDC__ is defined, since
|     <limits.h> exists even on freestanding compilers.  */
| 
| #ifdef __STDC__
| # include <limits.h>
| #else
| # include <assert.h>
| #endif
| 
| #undef strtonum
| 
| /* Override any GCC internal prototype to avoid an error.
|    Use char because int might match the return type of a GCC
|    builtin and then its argument prototype would still apply.  */
| #ifdef __cplusplus
| extern "C"
| #endif
| char strtonum ();
| /* The GNU C library defines this for functions which it implements
|     to always fail with ENOSYS.  Some functions are actually named
|     something starting with __ and the normal name is an alias.  */
| #if defined __stub_strtonum || defined __stub___strtonum
| choke me
| #endif
| 
| int
| main ()
| {
| return strtonum ();
|   ;
|   return 0;
| }
configure:5938: result: no
configure:5959: checking for stravis
configure:5959: gcc -o conftest -I/opt/c9/.c9/local/include -I/opt/c9/.c9/local/include/ncurses -D_DEFAULT_SOURCE -D_XOPEN_SOURCE=600  -static-libgcc -L/opt/c9/.c9/local/lib conftest.c -lutil -Wl,-Bsymbolic-functions -lncurses -ltinfo -levent  -lresolv >&5
/usr/bin/ld: /opt/c9/.c9/tmp/ccaHxGdG.o: in function `main':
conftest.c:(.text+0xe): undefined reference to `stravis'
collect2: error: ld returned 1 exit status
configure:5959: $? = 1
configure: failed program was:
| /* confdefs.h */
| #define PACKAGE_NAME "tmux"
| #define PACKAGE_TARNAME "tmux"
| #define PACKAGE_VERSION "2.2"
| #define PACKAGE_STRING "tmux 2.2"
| #define PACKAGE_BUGREPORT ""
| #define PACKAGE_URL ""
| #define PACKAGE "tmux"
| #define VERSION "2.2"
| #define STDC_HEADERS 1
| #define HAVE_SYS_TYPES_H 1
| #define HAVE_SYS_STAT_H 1
| #define HAVE_STDLIB_H 1
| #define HAVE_STRING_H 1
| #define HAVE_MEMORY_H 1
| #define HAVE_STRINGS_H 1
| #define HAVE_INTTYPES_H 1
| #define HAVE_STDINT_H 1
| #define HAVE_UNISTD_H 1
| #define HAVE_CURSES_H 1
| #define HAVE_DIRENT_H 1
| #define HAVE_FCNTL_H 1
| #define HAVE_INTTYPES_H 1
| #define HAVE_NCURSES_H 1
| #define HAVE_PATHS_H 1
| #define HAVE_PTY_H 1
| #define HAVE_STDINT_H 1
| #define HAVE_SYS_DIR_H 1
| #define HAVE_TERM_H 1
| #define HAVE_DIRFD 1
| #define HAVE_FLOCK 1
| #define HAVE_SYSCONF 1
| #define HAVE_CFMAKERAW 1
| #define HAVE_B64_NTOP 1
| #define HAVE_FORKPTY 1
| #define HAVE_DAEMON 1
| #define HAVE_SETENV 1
| #define HAVE_ASPRINTF 1
| #define HAVE_STRCASESTR 1
| #define HAVE_STRSEP 1
| /* end confdefs.h.  */
| /* Define stravis to an innocuous variant, in case <limits.h> declares stravis.
|    For example, HP-UX 11i <limits.h> declares gettimeofday.  */
| #define stravis innocuous_stravis
| 
| /* System header to define __stub macros and hopefully few prototypes,
|     which can conflict with char stravis (); below.
|     Prefer <limits.h> to <assert.h> if __STDC__ is defined, since
|     <limits.h> exists even on freestanding compilers.  */
| 
| #ifdef __STDC__
| # include <limits.h>
| #else
| # include <assert.h>
| #endif
| 
| #undef stravis
| 
| /* Override any GCC internal prototype to avoid an error.
|    Use char because int might match the return type of a GCC
|    builtin and then its argument prototype would still apply.  */
| #ifdef __cplusplus
| extern "C"
| #endif
| char stravis ();
| /* The GNU C library defines this for functions which it implements
|     to always fail with ENOSYS.  Some functions are actually named
|     something starting with __ and the normal name is an alias.  */
| #if defined __stub_stravis || defined __stub___stravis
| choke me
| #endif
| 
| int
| main ()
| {
| return stravis ();
|   ;
|   return 0;
| }
configure:5959: result: no
configure:6002: checking for cfmakeraw
configure:6002: result: yes
configure:6023: checking for openat
configure:6023: gcc -o conftest -I/opt/c9/.c9/local/include -I/opt/c9/.c9/local/include/ncurses -D_DEFAULT_SOURCE -D_XOPEN_SOURCE=600  -static-libgcc -L/opt/c9/.c9/local/lib conftest.c -lutil -Wl,-Bsymbolic-functions -lncurses -ltinfo -levent  -lresolv >&5
configure:6023: $? = 0
configure:6023: result: yes
configure:6044: checking for reallocarray
configure:6044: gcc -o conftest -I/opt/c9/.c9/local/include -I/opt/c9/.c9/local/include/ncurses -D_DEFAULT_SOURCE -D_XOPEN_SOURCE=600  -static-libgcc -L/opt/c9/.c9/local/lib conftest.c -lutil -Wl,-Bsymbolic-functions -lncurses -ltinfo -levent  -lresolv >&5
configure:6044: $? = 0
configure:6044: result: yes
configure:6066: checking for getopt
configure:6066: gcc -o conftest -I/opt/c9/.c9/local/include -I/opt/c9/.c9/local/include/ncurses -D_DEFAULT_SOURCE -D_XOPEN_SOURCE=600  -static-libgcc -L/opt/c9/.c9/local/lib conftest.c -lutil -Wl,-Bsymbolic-functions -lncurses -ltinfo -levent  -lresolv >&5
configure:6066: $? = 0
configure:6066: result: yes
configure:6074: checking whether optarg is declared
configure:6074: gcc -c -I/opt/c9/.c9/local/include -I/opt/c9/.c9/local/include/ncurses -D_DEFAULT_SOURCE -D_XOPEN_SOURCE=600  conftest.c >&5
configure:6074: $? = 0
configure:6074: result: yes
configure:6093: checking whether optind is declared
configure:6093: gcc -c -I/opt/c9/.c9/local/include -I/opt/c9/.c9/local/include/ncurses -D_DEFAULT_SOURCE -D_XOPEN_SOURCE=600  conftest.c >&5
configure:6093: $? = 0
configure:6093: result: yes
configure:6112: checking whether optreset is declared
configure:6112: gcc -c -I/opt/c9/.c9/local/include -I/opt/c9/.c9/local/include/ncurses -D_DEFAULT_SOURCE -D_XOPEN_SOURCE=600  conftest.c >&5
conftest.c: In function 'main':
conftest.c:59:10: error: 'optreset' undeclared (first use in this function)
   59 |   (void) optreset;
      |          ^~~~~~~~
conftest.c:59:10: note: each undeclared identifier is reported only once for each function it appears in
configure:6112: $? = 1
configure: failed program was:
| /* confdefs.h */
| #define PACKAGE_NAME "tmux"
| #define PACKAGE_TARNAME "tmux"
| #define PACKAGE_VERSION "2.2"
| #define PACKAGE_STRING "tmux 2.2"
| #define PACKAGE_BUGREPORT ""
| #define PACKAGE_URL ""
| #define PACKAGE "tmux"
| #define VERSION "2.2"
| #define STDC_HEADERS 1
| #define HAVE_SYS_TYPES_H 1
| #define HAVE_SYS_STAT_H 1
| #define HAVE_STDLIB_H 1
| #define HAVE_STRING_H 1
| #define HAVE_MEMORY_H 1
| #define HAVE_STRINGS_H 1
| #define HAVE_INTTYPES_H 1
| #define HAVE_STDINT_H 1
| #define HAVE_UNISTD_H 1
| #define HAVE_CURSES_H 1
| #define HAVE_DIRENT_H 1
| #define HAVE_FCNTL_H 1
| #define HAVE_INTTYPES_H 1
| #define HAVE_NCURSES_H 1
| #define HAVE_PATHS_H 1
| #define HAVE_PTY_H 1
| #define HAVE_STDINT_H 1
| #define HAVE_SYS_DIR_H 1
| #define HAVE_TERM_H 1
| #define HAVE_DIRFD 1
| #define HAVE_FLOCK 1
| #define HAVE_SYSCONF 1
| #define HAVE_CFMAKERAW 1
| #define HAVE_B64_NTOP 1
| #define HAVE_FORKPTY 1
| #define HAVE_DAEMON 1
| #define HAVE_SETENV 1
| #define HAVE_ASPRINTF 1
| #define HAVE_STRCASESTR 1
| #define HAVE_STRSEP 1
| #define HAVE_CFMAKERAW 1
| #define HAVE_OPENAT 1
| #define HAVE_REALLOCARRAY 1
| #define HAVE_DECL_OPTARG 1
| #define HAVE_DECL_OPTIND 1
| /* end confdefs.h.  */
| 
| 			#include <unistd.h>
| 
| 
| 
| int
| main ()
| {
| #ifndef optreset
| #ifdef __cplusplus
|   (void) optreset;
| #else
|   (void) optreset;
| #endif
| #endif
| 
|   ;
|   return 0;
| }
configure:6112: result: no
configure:6157: checking for BSD-style unsigned types
configure:6172: gcc -c -I/opt/c9/.c9/local/include -I/opt/c9/.c9/local/include/ncurses -D_DEFAULT_SOURCE -D_XOPEN_SOURCE=600  conftest.c >&5
configure:6172: $? = 0
configure:6174: result: yes
configure:6184: checking whether TAILQ_PREV is declared
configure:6184: gcc -c -I/opt/c9/.c9/local/include -I/opt/c9/.c9/local/include/ncurses -D_DEFAULT_SOURCE -D_XOPEN_SOURCE=600  conftest.c >&5
configure:6184: $? = 0
configure:6184: result: yes
configure:6193: checking whether TAILQ_REPLACE is declared
configure:6193: gcc -c -I/opt/c9/.c9/local/include -I/opt/c9/.c9/local/include/ncurses -D_DEFAULT_SOURCE -D_XOPEN_SOURCE=600  conftest.c >&5
conftest.c: In function 'main':
conftest.c:59:10: error: 'TAILQ_REPLACE' undeclared (first use in this function); did you mean 'TAILQ_REMOVE'?
   59 |   (void) TAILQ_REPLACE;
      |          ^~~~~~~~~~~~~
      |          TAILQ_REMOVE
conftest.c:59:10: note: each undeclared identifier is reported only once for each function it appears in
configure:6193: $? = 1
configure: failed program was:
| /* confdefs.h */
| #define PACKAGE_NAME "tmux"
| #define PACKAGE_TARNAME "tmux"
| #define PACKAGE_VERSION "2.2"
| #define PACKAGE_STRING "tmux 2.2"
| #define PACKAGE_BUGREPORT ""
| #define PACKAGE_URL ""
| #define PACKAGE "tmux"
| #define VERSION "2.2"
| #define STDC_HEADERS 1
| #define HAVE_SYS_TYPES_H 1
| #define HAVE_SYS_STAT_H 1
| #define HAVE_STDLIB_H 1
| #define HAVE_STRING_H 1
| #define HAVE_MEMORY_H 1
| #define HAVE_STRINGS_H 1
| #define HAVE_INTTYPES_H 1
| #define HAVE_STDINT_H 1
| #define HAVE_UNISTD_H 1
| #define HAVE_CURSES_H 1
| #define HAVE_DIRENT_H 1
| #define HAVE_FCNTL_H 1
| #define HAVE_INTTYPES_H 1
| #define HAVE_NCURSES_H 1
| #define HAVE_PATHS_H 1
| #define HAVE_PTY_H 1
| #define HAVE_STDINT_H 1
| #define HAVE_SYS_DIR_H 1
| #define HAVE_TERM_H 1
| #define HAVE_DIRFD 1
| #define HAVE_FLOCK 1
| #define HAVE_SYSCONF 1
| #define HAVE_CFMAKERAW 1
| #define HAVE_B64_NTOP 1
| #define HAVE_FORKPTY 1
| #define HAVE_DAEMON 1
| #define HAVE_SETENV 1
| #define HAVE_ASPRINTF 1
| #define HAVE_STRCASESTR 1
| #define HAVE_STRSEP 1
| #define HAVE_CFMAKERAW 1
| #define HAVE_OPENAT 1
| #define HAVE_REALLOCARRAY 1
| #define HAVE_DECL_OPTARG 1
| #define HAVE_DECL_OPTIND 1
| #define HAVE_DECL_OPTRESET 0
| #define HAVE_BSD_TYPES 1
| /* end confdefs.h.  */
| #include <sys/queue.h>
| 
| 
| int
| main ()
| {
| #ifndef TAILQ_REPLACE
| #ifdef __cplusplus
|   (void) TAILQ_REPLACE;
| #else
|   (void) TAILQ_REPLACE;
| #endif
| #endif
| 
|   ;
|   return 0;
| }
configure:6193: result: no
configure:6208: checking for __progname
configure:6223: gcc -o conftest -I/opt/c9/.c9/local/include -I/opt/c9/.c9/local/include/ncurses -D_DEFAULT_SOURCE -D_XOPEN_SOURCE=600  -static-libgcc -L/opt/c9/.c9/local/lib conftest.c -lutil -Wl,-Bsymbolic-functions -lncurses -ltinfo -levent  -lresolv >&5
configure:6223: $? = 0
configure:6225: result: yes
configure:6236: checking whether F_CLOSEM is declared
configure:6236: gcc -c -I/opt/c9/.c9/local/include -I/opt/c9/.c9/local/include/ncurses -D_DEFAULT_SOURCE -D_XOPEN_SOURCE=600  conftest.c >&5
conftest.c: In function 'main':
conftest.c:60:10: error: 'F_CLOSEM' undeclared (first use in this function)
   60 |   (void) F_CLOSEM;
      |          ^~~~~~~~
conftest.c:60:10: note: each undeclared identifier is reported only once for each function it appears in
configure:6236: $? = 1
configure: failed program was:
| /* confdefs.h */
| #define PACKAGE_NAME "tmux"
| #define PACKAGE_TARNAME "tmux"
| #define PACKAGE_VERSION "2.2"
| #define PACKAGE_STRING "tmux 2.2"
| #define PACKAGE_BUGREPORT ""
| #define PACKAGE_URL ""
| #define PACKAGE "tmux"
| #define VERSION "2.2"
| #define STDC_HEADERS 1
| #define HAVE_SYS_TYPES_H 1
| #define HAVE_SYS_STAT_H 1
| #define HAVE_STDLIB_H 1
| #define HAVE_STRING_H 1
| #define HAVE_MEMORY_H 1
| #define HAVE_STRINGS_H 1
| #define HAVE_INTTYPES_H 1
| #define HAVE_STDINT_H 1
| #define HAVE_UNISTD_H 1
| #define HAVE_CURSES_H 1
| #define HAVE_DIRENT_H 1
| #define HAVE_FCNTL_H 1
| #define HAVE_INTTYPES_H 1
| #define HAVE_NCURSES_H 1
| #define HAVE_PATHS_H 1
| #define HAVE_PTY_H 1
| #define HAVE_STDINT_H 1
| #define HAVE_SYS_DIR_H 1
| #define HAVE_TERM_H 1
| #define HAVE_DIRFD 1
| #define HAVE_FLOCK 1
| #define HAVE_SYSCONF 1
| #define HAVE_CFMAKERAW 1
| #define HAVE_B64_NTOP 1
| #define HAVE_FORKPTY 1
| #define HAVE_DAEMON 1
| #define HAVE_SETENV 1
| #define HAVE_ASPRINTF 1
| #define HAVE_STRCASESTR 1
| #define HAVE_STRSEP 1
| #define HAVE_CFMAKERAW 1
| #define HAVE_OPENAT 1
| #define HAVE_REALLOCARRAY 1
| #define HAVE_DECL_OPTARG 1
| #define HAVE_DECL_OPTIND 1
| #define HAVE_DECL_OPTRESET 0
| #define HAVE_BSD_TYPES 1
| #define HAVE___PROGNAME 1
| /* end confdefs.h.  */
| #include <fcntl.h>
| 
| 
| int
| main ()
| {
| #ifndef F_CLOSEM
| #ifdef __cplusplus
|   (void) F_CLOSEM;
| #else
|   (void) F_CLOSEM;
| #endif
| #endif
| 
|   ;
|   return 0;
| }
configure:6236: result: no
configure:6246: checking for /proc/$$
configure:6251: result: yes
configure:6263: checking platform
configure:6284: result: linux
configure:6552: checking that generated files are newer than configure
configure:6558: result: done
configure:6717: creating ./config.status

## ---------------------- ##
## Running config.status. ##
## ---------------------- ##

This file was extended by tmux config.status 2.2, which was
generated by GNU Autoconf 2.69.  Invocation command line was

  CONFIG_FILES    = 
  CONFIG_HEADERS  = 
  CONFIG_LINKS    = 
  CONFIG_COMMANDS = 
  $ ./config.status 

on buildkitsandbox

config.status:862: creating Makefile
config.status:1034: executing depfiles commands

## ---------------- ##
## Cache variables. ##
## ---------------- ##

ac_cv_build=x86_64-unknown-linux-gnu
ac_cv_c_compiler_gnu=yes
ac_cv_env_CC_set=
ac_cv_env_CC_value=
ac_cv_env_CFLAGS_set=set
ac_cv_env_CFLAGS_value='-I/opt/c9/.c9/local/include -I/opt/c9/.c9/local/include/ncurses'
ac_cv_env_CPPFLAGS_set=
ac_cv_env_CPPFLAGS_value=
ac_cv_env_CPP_set=
ac_cv_env_CPP_value=
ac_cv_env_LDFLAGS_set=set
ac_cv_env_LDFLAGS_value='-static-libgcc -L/opt/c9/.c9/local/lib'
ac_cv_env_LIBEVENT_CFLAGS_set=
ac_cv_env_LIBEVENT_CFLAGS_value=
ac_cv_env_LIBEVENT_LIBS_set=
ac_cv_env_LIBEVENT_LIBS_value=
ac_cv_env_LIBNCURSES_CFLAGS_set=
ac_cv_env_LIBNCURSES_CFLAGS_value=
ac_cv_env_LIBNCURSES_LIBS_set=
ac_cv_env_LIBNCURSES_LIBS_value=
ac_cv_env_LIBS_set=
ac_cv_env_LIBS_value=
ac_cv_env_PKG_CONFIG_LIBDIR_set=
ac_cv_env_PKG_CONFIG_LIBDIR_value=
ac_cv_env_PKG_CONFIG_PATH_set=
ac_cv_env_PKG_CONFIG_PATH_value=
ac_cv_env_PKG_CONFIG_set=
ac_cv_env_PKG_CONFIG_value=
ac_cv_env_build_alias_set=
ac_cv_env_build_alias_value=
ac_cv_env_host_alias_set=
ac_cv_env_host_alias_value=
ac_cv_env_target_alias_set=
ac_cv_env_target_alias_value=
ac_cv_func_asprintf=yes
ac_cv_func_cfmakeraw=yes
ac_cv_func_closefrom=no
ac_cv_func_daemon=yes
ac_cv_func_dirfd=yes
ac_cv_func_fgetln=no
ac_cv_func_flock=yes
ac_cv_func_fparseln=no
ac_cv_func_getopt=yes
ac_cv_func_openat=yes
ac_cv_func_reallocarray=yes
ac_cv_func_setenv=yes
ac_cv_func_setproctitle=no
ac_cv_func_stravis=no
ac_cv_func_strcasestr=yes
ac_cv_func_strlcat=no
ac_cv_func_strlcpy=no
ac_cv_func_strsep=yes
ac_cv_func_strtonum=no
ac_cv_func_sysconf=yes
ac_cv_have_decl_F_CLOSEM=no
ac_cv_have_decl_TAILQ_PREV=yes
ac_cv_have_decl_TAILQ_REPLACE=no
ac_cv_have_decl_optarg=yes
ac_cv_have_decl_optind=yes
ac_cv_have_decl_optreset=no
ac_cv_header_bitstring_h=no
ac_cv_header_curses_h=yes
ac_cv_header_dirent_h=yes
ac_cv_header_fcntl_h=yes
ac_cv_header_inttypes_h=yes
ac_cv_header_libutil_h=no
ac_cv_header_memory_h=yes
ac_cv_header_ncurses_h=yes
ac_cv_header_ndir_h=no
ac_cv_header_paths_h=yes
ac_cv_header_pty_h=yes
ac_cv_header_stdc=yes
ac_cv_header_stdint_h=yes
ac_cv_header_stdlib_h=yes
ac_cv_header_string_h=yes
ac_cv_header_strings_h=yes
ac_cv_header_sys_dir_h=yes
ac_cv_header_sys_ndir_h=no
ac_cv_header_sys_stat_h=yes
ac_cv_header_sys_tree_h=no
ac_cv_header_sys_types_h=yes
ac_cv_header_term_h=yes
ac_cv_header_unistd_h=yes
ac_cv_header_utempter_h=no
ac_cv_header_util_h=no
ac_cv_host=x86_64-unknown-linux-gnu
ac_cv_lib_xnet_socket=no
ac_cv_objext=o
ac_cv_path_EGREP='/usr/bin/grep -E'
ac_cv_path_GREP=/usr/bin/grep
ac_cv_path_ac_pt_PKG_CONFIG=/usr/bin/pkg-config
ac_cv_path_install='/usr/bin/install -c'
ac_cv_path_mkdir=/usr/bin/mkdir
ac_cv_prog_AWK=mawk
ac_cv_prog_CPP='gcc -E'
ac_cv_prog_ac_ct_CC=gcc
ac_cv_prog_cc_c89=
ac_cv_prog_cc_g=yes
ac_cv_prog_make_make_set=yes
ac_cv_search_clock_gettime='none required'
ac_cv_search_event_init=-levent
ac_cv_search_flock='none required'
ac_cv_search_forkpty=-lutil
ac_cv_search_imsg_init=no
ac_cv_search_inet_ntoa='none required'
ac_cv_search_socket='none required'
am_cv_CC_dependencies_compiler_type=gcc3
am_cv_make_support_nested_variables=yes
am_cv_prog_cc_c_o=yes
pkg_cv_LIBNCURSES_CFLAGS='-D_DEFAULT_SOURCE -D_XOPEN_SOURCE=600'
pkg_cv_LIBNCURSES_LIBS='-Wl,-Bsymbolic-functions -lncurses -ltinfo'

## ----------------- ##
## Output variables. ##
## ----------------- ##

ACLOCAL='${SHELL} /opt/c9/.c9/tmux-2.2/etc/missing aclocal-1.15'
AMDEPBACKSLASH='\'
AMDEP_FALSE='#'
AMDEP_TRUE=''
AMTAR='$${TAR-tar}'
AM_BACKSLASH='\'
AM_DEFAULT_V='$(AM_DEFAULT_VERBOSITY)'
AM_DEFAULT_VERBOSITY='1'
AM_V='$(V)'
AUTOCONF='${SHELL} /opt/c9/.c9/tmux-2.2/etc/missing autoconf'
AUTOHEADER='${SHELL} /opt/c9/.c9/tmux-2.2/etc/missing autoheader'
AUTOMAKE='${SHELL} /opt/c9/.c9/tmux-2.2/etc/missing automake-1.15'
AWK='mawk'
CC='gcc'
CCDEPMODE='depmode=gcc3'
CFLAGS='-I/opt/c9/.c9/local/include -I/opt/c9/.c9/local/include/ncurses'
CPP='gcc -E'
CPPFLAGS='-D_DEFAULT_SOURCE -D_XOPEN_SOURCE=600 '
CYGPATH_W='echo'
DEFS='-DPACKAGE_NAME=\"tmux\" -DPACKAGE_TARNAME=\"tmux\" -DPACKAGE_VERSION=\"2.2\" -DPACKAGE_STRING=\"tmux\ 2.2\" -DPACKAGE_BUGREPORT=\"\" -DPACKAGE_URL=\"\" -DPACKAGE=\"tmux\" -DVERSION=\"2.2\" -DSTDC_HEADERS=1 -DHAVE_SYS_TYPES_H=1 -DHAVE_SYS_STAT_H=1 -DHAVE_STDLIB_H=1 -DHAVE_STRING_H=1 -DHAVE_MEMORY_H=1 -DHAVE_STRINGS_H=1 -DHAVE_INTTYPES_H=1 -DHAVE_STDINT_H=1 -DHAVE_UNISTD_H=1 -DHAVE_CURSES_H=1 -DHAVE_DIRENT_H=1 -DHAVE_FCNTL_H=1 -DHAVE_INTTYPES_H=1 -DHAVE_NCURSES_H=1 -DHAVE_PATHS_H=1 -DHAVE_PTY_H=1 -DHAVE_STDINT_H=1 -DHAVE_SYS_DIR_H=1 -DHAVE_TERM_H=1 -DHAVE_DIRFD=1 -DHAVE_FLOCK=1 -DHAVE_SYSCONF=1 -DHAVE_CFMAKERAW=1 -DHAVE_B64_NTOP=1 -DHAVE_FORKPTY=1 -DHAVE_DAEMON=1 -DHAVE_SETENV=1 -DHAVE_ASPRINTF=1 -DHAVE_STRCASESTR=1 -DHAVE_STRSEP=1 -DHAVE_CFMAKERAW=1 -DHAVE_OPENAT=1 -DHAVE_REALLOCARRAY=1 -DHAVE_DECL_OPTARG=1 -DHAVE_DECL_OPTIND=1 -DHAVE_DECL_OPTRESET=0 -DHAVE_BSD_TYPES=1 -DHAVE___PROGNAME=1 -DHAVE_PROC_PID=1'
DEPDIR='.deps'
ECHO_C=''
ECHO_N='-n'
ECHO_T=''
EGREP='/usr/bin/grep -E'
EXEEXT=''
GREP='/usr/bin/grep'
INSTALL_DATA='${INSTALL} -m 644'
INSTALL_PROGRAM='${INSTALL}'
INSTALL_SCRIPT='${INSTALL}'
INSTALL_STRIP_PROGRAM='$(install_sh) -c -s'
IS_AIX_FALSE=''
IS_AIX_TRUE='#'
IS_COVERAGE_FALSE=''
IS_COVERAGE_TRUE='#'
IS_DARWIN_FALSE=''
IS_DARWIN_TRUE='#'
IS_DEBUG_FALSE=''
IS_DEBUG_TRUE='#'
IS_DRAGONFLY_FALSE=''
IS_DRAGONFLY_TRUE='#'
IS_FREEBSD_FALSE=''
IS_FREEBSD_TRUE='#'
IS_GCC_FALSE='#'
IS_GCC_TRUE=''
IS_GLIBC_FALSE='#'
IS_GLIBC_TRUE=''
IS_HPUX_FALSE=''
IS_HPUX_TRUE='#'
IS_LINUX_FALSE='#'
IS_LINUX_TRUE=''
IS_NETBSD_FALSE=''
IS_NETBSD_TRUE='#'
IS_OPENBSD_FALSE=''
IS_OPENBSD_TRUE='#'
IS_SUNCC_FALSE=''
IS_SUNCC_TRUE='#'
IS_SUNOS_FALSE=''
IS_SUNOS_TRUE='#'
IS_UNKNOWN_FALSE=''
IS_UNKNOWN_TRUE='#'
LDFLAGS='-static-libgcc -L/opt/c9/.c9/local/lib'
LIBEVENT_CFLAGS=''
LIBEVENT_LIBS=''
LIBNCURSES_CFLAGS='-D_DEFAULT_SOURCE -D_XOPEN_SOURCE=600'
LIBNCURSES_LIBS='-Wl,-Bsymbolic-functions -lncurses -ltinfo'
LIBOBJS=''
LIBS='-lutil -Wl,-Bsymbolic-functions -lncurses -ltinfo -levent  -lresolv'
LTLIBOBJS=''
MAKEINFO='${SHELL} /opt/c9/.c9/tmux-2.2/etc/missing makeinfo'
MANFORMAT='mdoc'
MKDIR_P='/usr/bin/mkdir -p'
NO_ASPRINTF_FALSE=''
NO_ASPRINTF_TRUE='#'
NO_B64_NTOP_FALSE=''
NO_B64_NTOP_TRUE='#'
NO_CFMAKERAW_FALSE=''
NO_CFMAKERAW_TRUE='#'
NO_CLOSEFROM_FALSE='#'
NO_CLOSEFROM_TRUE=''
NO_DAEMON_FALSE=''
NO_DAEMON_TRUE='#'
NO_FGETLN_FALSE='#'
NO_FGETLN_TRUE=''
NO_FORKPTY_FALSE=''
NO_FORKPTY_TRUE='#'
NO_FPARSELN_FALSE='#'
NO_FPARSELN_TRUE=''
NO_GETOPT_FALSE='#'
NO_GETOPT_TRUE=''
NO_IMSG_FALSE='#'
NO_IMSG_TRUE=''
NO_OPENAT_FALSE=''
NO_OPENAT_TRUE='#'
NO_REALLOCARRAY_FALSE=''
NO_REALLOCARRAY_TRUE='#'
NO_SETENV_FALSE=''
NO_SETENV_TRUE='#'
NO_STRCASESTR_FALSE=''
NO_STRCASESTR_TRUE='#'
NO_STRLCAT_FALSE='#'
NO_STRLCAT_TRUE=''
NO_STRLCPY_FALSE='#'
NO_STRLCPY_TRUE=''
NO_STRSEP_FALSE=''
NO_STRSEP_TRUE='#'
NO_STRTONUM_FALSE='#'
NO_STRTONUM_TRUE=''
NO_VIS_FALSE='#'
NO_VIS_TRUE=''
OBJEXT='o'
PACKAGE='tmux'
PACKAGE_BUGREPORT=''
PACKAGE_NAME='tmux'
PACKAGE_STRING='tmux 2.2'
PACKAGE_TARNAME='tmux'
PACKAGE_URL=''
PACKAGE_VERSION='2.2'
PATH_SEPARATOR=':'
PKG_CONFIG='/usr/bin/pkg-config'
PKG_CONFIG_LIBDIR=''
PKG_CONFIG_PATH=''
PLATFORM='linux'
SET_MAKE=''
SHELL='/bin/bash'
STRIP=''
VERSION='2.2'
XOPEN_DEFINES=''
ac_ct_CC='gcc'
am__EXEEXT_FALSE=''
am__EXEEXT_TRUE='#'
am__fastdepCC_FALSE='#'
am__fastdepCC_TRUE=''
am__include='include'
am__isrc=''
am__leading_dot='.'
am__nodep='_no'
am__quote=''
am__tar='$${TAR-tar} chof - "$$tardir"'
am__untar='$${TAR-tar} xf -'
bindir='${exec_prefix}/bin'
build='x86_64-unknown-linux-gnu'
build_alias=''
build_cpu='x86_64'
build_os='linux-gnu'
build_vendor='unknown'
datadir='${datarootdir}'
datarootdir='${prefix}/share'
docdir='${datarootdir}/doc/${PACKAGE_TARNAME}'
dvidir='${docdir}'
exec_prefix='${prefix}'
host='x86_64-unknown-linux-gnu'
host_alias=''
host_cpu='x86_64'
host_os='linux-gnu'
host_vendor='unknown'
htmldir='${docdir}'
includedir='${prefix}/include'
infodir='${datarootdir}/info'
install_sh='${SHELL} /opt/c9/.c9/tmux-2.2/etc/install-sh'
libdir='${exec_prefix}/lib'
libexecdir='${exec_prefix}/libexec'
localedir='${datarootdir}/locale'
localstatedir='${prefix}/var'
mandir='${datarootdir}/man'
mkdir_p='$(MKDIR_P)'
oldincludedir='/usr/include'
pdfdir='${docdir}'
prefix='/opt/c9/.c9/local'
program_transform_name='s,x,x,'
psdir='${docdir}'
sbindir='${exec_prefix}/sbin'
sharedstatedir='${prefix}/com'
sysconfdir='/etc'
target_alias=''

## ----------- ##
## confdefs.h. ##
## ----------- ##

/* confdefs.h */
#define PACKAGE_NAME "tmux"
#define PACKAGE_TARNAME "tmux"
#define PACKAGE_VERSION "2.2"
#define PACKAGE_STRING "tmux 2.2"
#define PACKAGE_BUGREPORT ""
#define PACKAGE_URL ""
#define PACKAGE "tmux"
#define VERSION "2.2"
#define STDC_HEADERS 1
#define HAVE_SYS_TYPES_H 1
#define HAVE_SYS_STAT_H 1
#define HAVE_STDLIB_H 1
#define HAVE_STRING_H 1
#define HAVE_MEMORY_H 1
#define HAVE_STRINGS_H 1
#define HAVE_INTTYPES_H 1
#define HAVE_STDINT_H 1
#define HAVE_UNISTD_H 1
#define HAVE_CURSES_H 1
#define HAVE_DIRENT_H 1
#define HAVE_FCNTL_H 1
#define HAVE_INTTYPES_H 1
#define HAVE_NCURSES_H 1
#define HAVE_PATHS_H 1
#define HAVE_PTY_H 1
#define HAVE_STDINT_H 1
#define HAVE_SYS_DIR_H 1
#define HAVE_TERM_H 1
#define HAVE_DIRFD 1
#define HAVE_FLOCK 1
#define HAVE_SYSCONF 1
#define HAVE_CFMAKERAW 1
#define HAVE_B64_NTOP 1
#define HAVE_FORKPTY 1
#define HAVE_DAEMON 1
#define HAVE_SETENV 1
#define HAVE_ASPRINTF 1
#define HAVE_STRCASESTR 1
#define HAVE_STRSEP 1
#define HAVE_CFMAKERAW 1
#define HAVE_OPENAT 1
#define HAVE_REALLOCARRAY 1
#define HAVE_DECL_OPTARG 1
#define HAVE_DECL_OPTIND 1
#define HAVE_DECL_OPTRESET 0
#define HAVE_BSD_TYPES 1
#define HAVE___PROGNAME 1
#define HAVE_PROC_PID 1

configure: exit 0
